TensorFlow version: 2.2.0
Eager execution: True
Glow Bijector 2 Blocks: K = 32 
 ShiftAndLogScaleResNet 
 n_filters = 128 
 batch size : 128
flow sample shape:  (1, 28, 28, 1)
Total Trainable Variables:  2431872
Start Training on 200 epochs
Epoch 000: Loss: -6610.278
Epoch 002: Loss: -7010.403
Model Saved
Epoch 004: Loss: -6836.650
Model Saved
Epoch 006: Loss: -7003.705
Epoch 008: Loss: -7027.225
Epoch 010: Loss: -6795.099
Model Saved
Epoch 012: Loss: -7226.420
Model Saved
Epoch 014: Loss: -7067.334
Epoch 016: Loss: -7097.435
Model Saved
Epoch 018: Loss: -7235.650
Model Saved
Epoch 020: Loss: -7273.687
Model Saved
Epoch 022: Loss: -6732.646
Epoch 024: Loss: -7035.388
Epoch 026: Loss: -6978.216
Model Saved
Epoch 028: Loss: -7206.376
Model Saved
Epoch 030: Loss: -7083.707
Epoch 032: Loss: -7161.560
Model Saved
Epoch 034: Loss: -7309.239
Epoch 036: Loss: -7340.113
Epoch 038: Loss: -7306.175
Epoch 040: Loss: -7228.310
Epoch 042: Loss: -7348.284
Model Saved
Epoch 044: Loss: -7494.029
Model Saved
Epoch 046: Loss: -7345.278
Model Saved
Epoch 048: Loss: -7441.708
Model Saved
Epoch 050: Loss: -7374.532
Model Saved
Epoch 052: Loss: -7565.335
Model Saved
Epoch 054: Loss: -6841.910
Epoch 056: Loss: -7191.221
Model Saved
Epoch 058: Loss: -7415.307
Model Saved
Epoch 060: Loss: -7490.975
Epoch 062: Loss: -7503.642
Model Saved
Epoch 064: Loss: -7453.949
Model Saved
Epoch 066: Loss: -7448.892
Epoch 068: Loss: -7502.339
Model Saved
Epoch 070: Loss: -7389.227
Model Saved
Epoch 072: Loss: -7572.414
Model Saved
Epoch 074: Loss: -7432.936
Model Saved
Epoch 076: Loss: -7178.240
Model Saved
Epoch 078: Loss: -7566.769
Model Saved
Epoch 080: Loss: -7624.255
Model Saved
Epoch 082: Loss: -7630.190
Epoch 084: Loss: -7711.024
Model Saved
Epoch 086: Loss: -6907.267
Epoch 088: Loss: -7492.115
Model Saved
Epoch 090: Loss: -7037.996
Epoch 092: Loss: -7665.353
Model Saved
Epoch 094: Loss: -7668.337
Epoch 096: Loss: -7239.108
Model Saved
Epoch 098: Loss: -7733.270
Model Saved
Epoch 100: Loss: -7851.920
Model Saved
Epoch 102: Loss: -7453.438
Epoch 104: Loss: -7591.982
Epoch 106: Loss: -7756.227
Model Saved
Epoch 108: Loss: -6285.876
Model Saved
Epoch 110: Loss: -6983.026
Epoch 112: Loss: -7022.928
Epoch 114: Loss: -7488.911
Epoch 116: Loss: -7460.810
Epoch 118: Loss: -7643.339
Model Saved
Epoch 120: Loss: -7821.404
Epoch 122: Loss: -7433.093
Epoch 124: Loss: -7777.550
Model Saved
Epoch 126: Loss: -7697.628
Epoch 128: Loss: -4094.869
Epoch 130: Loss: -5858.197
Model Saved
Epoch 132: Loss: -6687.668
Model Saved
Epoch 134: Loss: -7130.485
Model Saved
Epoch 136: Loss: -6887.236
Model Saved
Epoch 138: Loss: -7175.750
Model Saved
Epoch 140: Loss: -7250.542
Model Saved
Epoch 142: Loss: -7356.680
Model Saved
Epoch 144: Loss: -7133.137
Model Saved
Epoch 146: Loss: -7559.259
Model Saved
Epoch 148: Loss: -7383.751
Model Saved
Epoch 150: Loss: -6897.528
Epoch 152: Loss: -7502.878
Model Saved
Epoch 154: Loss: -6971.525
Epoch 156: Loss: -7173.783
Model Saved
Epoch 158: Loss: -7230.723
Model Saved
Epoch 160: Loss: -7346.509
Model Saved
Epoch 162: Loss: -7503.789
Model Saved
Epoch 164: Loss: -7448.024
Model Saved
Epoch 166: Loss: -5742.254
Epoch 168: Loss: -6603.989
Model Saved
Epoch 170: Loss: -6803.681
Model Saved
Epoch 172: Loss: -6848.213
Epoch 174: Loss: -7212.754
Model Saved
Epoch 176: Loss: -7433.182
Model Saved
Epoch 178: Loss: -5186.468
Epoch 180: Loss: -6346.592
Model Saved
Epoch 182: Loss: -6787.351
Model Saved
Epoch 184: Loss: -4395.535
Model Saved
Epoch 186: Loss: -5944.007
Model Saved
Epoch 188: Loss: -6493.454
Model Saved
Epoch 190: Loss: -6191.695
Model Saved
Epoch 192: Loss: -5957.070
Epoch 194: Loss: -6121.757
Epoch 196: Loss: -5004.485
Model Saved
Epoch 198: Loss: -4811.157
Model's variables saved.
Training time:  26901.99  seconds
loss history saved
9 samples saved
