TensorFlow version: 2.2.0
Eager execution: True
(1, 28, 28, 1)
____________________________________________________________________________________________________
Network 	 Layer 	 Shape 						 #parameters
====================================================================================================
shift_and_log_scale_res_net_tfk
	 conv2d 		 kernel (3, 3, 1, 32) | bias (32,) 		 320
	 batch_normalization 		 gamma (32,) | beta (32,) 		 64
	 conv2d_1 		 kernel (1, 1, 32, 32) | bias (32,) 		 1056
	 batch_normalization_1 		 gamma (32,) | beta (32,) 		 64
	 conv2d_2 		 kernel (3, 3, 32, 2) | bias (2,) 		 578
____________________________________________________________________________________________________
shift_and_log_scale_res_net_tfk_1
	 conv2d_3 		 kernel (3, 3, 1, 32) | bias (32,) 		 320
	 batch_normalization_2 		 gamma (32,) | beta (32,) 		 64
	 conv2d_4 		 kernel (1, 1, 32, 32) | bias (32,) 		 1056
	 batch_normalization_3 		 gamma (32,) | beta (32,) 		 64
	 conv2d_5 		 kernel (3, 3, 32, 2) | bias (2,) 		 578
____________________________________________________________________________________________________
shift_and_log_scale_res_net_tfk_2
	 conv2d_6 		 kernel (3, 3, 1, 32) | bias (32,) 		 320
	 batch_normalization_4 		 gamma (32,) | beta (32,) 		 64
	 conv2d_7 		 kernel (1, 1, 32, 32) | bias (32,) 		 1056
	 batch_normalization_5 		 gamma (32,) | beta (32,) 		 64
	 conv2d_8 		 kernel (3, 3, 32, 2) | bias (2,) 		 578
____________________________________________________________________________________________________
shift_and_log_scale_res_net_tfk_3
	 conv2d_9 		 kernel (3, 3, 4, 32) | bias (32,) 		 1184
	 batch_normalization_6 		 gamma (32,) | beta (32,) 		 64
	 conv2d_10 		 kernel (1, 1, 32, 32) | bias (32,) 		 1056
	 batch_normalization_7 		 gamma (32,) | beta (32,) 		 64
	 conv2d_11 		 kernel (3, 3, 32, 8) | bias (8,) 		 2312
____________________________________________________________________________________________________
shift_and_log_scale_res_net_tfk_4
	 conv2d_12 		 kernel (3, 3, 4, 32) | bias (32,) 		 1184
	 batch_normalization_8 		 gamma (32,) | beta (32,) 		 64
	 conv2d_13 		 kernel (1, 1, 32, 32) | bias (32,) 		 1056
	 batch_normalization_9 		 gamma (32,) | beta (32,) 		 64
	 conv2d_14 		 kernel (3, 3, 32, 8) | bias (8,) 		 2312
____________________________________________________________________________________________________
shift_and_log_scale_res_net_tfk_5
	 conv2d_15 		 kernel (3, 3, 4, 32) | bias (32,) 		 1184
	 batch_normalization_10 		 gamma (32,) | beta (32,) 		 64
	 conv2d_16 		 kernel (1, 1, 32, 32) | bias (32,) 		 1056
	 batch_normalization_11 		 gamma (32,) | beta (32,) 		 64
	 conv2d_17 		 kernel (3, 3, 32, 8) | bias (8,) 		 2312
____________________________________________________________________________________________________
shift_and_log_scale_res_net_tfk_6
	 conv2d_18 		 kernel (3, 3, 2, 64) | bias (64,) 		 1216
	 batch_normalization_12 		 gamma (64,) | beta (64,) 		 128
	 conv2d_19 		 kernel (1, 1, 64, 64) | bias (64,) 		 4160
	 batch_normalization_13 		 gamma (64,) | beta (64,) 		 128
	 conv2d_20 		 kernel (3, 3, 64, 4) | bias (4,) 		 2308
____________________________________________________________________________________________________
shift_and_log_scale_res_net_tfk_7
	 conv2d_21 		 kernel (3, 3, 2, 64) | bias (64,) 		 1216
	 batch_normalization_14 		 gamma (64,) | beta (64,) 		 128
	 conv2d_22 		 kernel (1, 1, 64, 64) | bias (64,) 		 4160
	 batch_normalization_15 		 gamma (64,) | beta (64,) 		 128
	 conv2d_23 		 kernel (3, 3, 64, 4) | bias (4,) 		 2308
____________________________________________________________________________________________________
shift_and_log_scale_res_net_tfk_8
	 conv2d_24 		 kernel (3, 3, 2, 64) | bias (64,) 		 1216
	 batch_normalization_16 		 gamma (64,) | beta (64,) 		 128
	 conv2d_25 		 kernel (1, 1, 64, 64) | bias (64,) 		 4160
	 batch_normalization_17 		 gamma (64,) | beta (64,) 		 128
	 conv2d_26 		 kernel (3, 3, 64, 4) | bias (4,) 		 2308
____________________________________________________________________________________________________
shift_and_log_scale_res_net_tfk_9
	 conv2d_27 		 kernel (3, 3, 8, 64) | bias (64,) 		 4672
	 batch_normalization_18 		 gamma (64,) | beta (64,) 		 128
	 conv2d_28 		 kernel (1, 1, 64, 64) | bias (64,) 		 4160
	 batch_normalization_19 		 gamma (64,) | beta (64,) 		 128
	 conv2d_29 		 kernel (3, 3, 64, 16) | bias (16,) 		 9232
____________________________________________________________________________________________________
shift_and_log_scale_res_net_tfk_10
	 conv2d_30 		 kernel (3, 3, 8, 64) | bias (64,) 		 4672
	 batch_normalization_20 		 gamma (64,) | beta (64,) 		 128
	 conv2d_31 		 kernel (1, 1, 64, 64) | bias (64,) 		 4160
	 batch_normalization_21 		 gamma (64,) | beta (64,) 		 128
	 conv2d_32 		 kernel (3, 3, 64, 16) | bias (16,) 		 9232
____________________________________________________________________________________________________
shift_and_log_scale_res_net_tfk_11
	 conv2d_33 		 kernel (3, 3, 8, 64) | bias (64,) 		 4672
	 batch_normalization_22 		 gamma (64,) | beta (64,) 		 128
	 conv2d_34 		 kernel (1, 1, 64, 64) | bias (64,) 		 4160
	 batch_normalization_23 		 gamma (64,) | beta (64,) 		 128
	 conv2d_35 		 kernel (3, 3, 64, 16) | bias (16,) 		 9232
____________________________________________________________________________________________________
shift_and_log_scale_res_net_tfk_12
	 conv2d_36 		 kernel (3, 3, 4, 64) | bias (64,) 		 2368
	 batch_normalization_24 		 gamma (64,) | beta (64,) 		 128
	 conv2d_37 		 kernel (1, 1, 64, 64) | bias (64,) 		 4160
	 batch_normalization_25 		 gamma (64,) | beta (64,) 		 128
	 conv2d_38 		 kernel (3, 3, 64, 8) | bias (8,) 		 4616
____________________________________________________________________________________________________
shift_and_log_scale_res_net_tfk_13
	 conv2d_39 		 kernel (3, 3, 4, 64) | bias (64,) 		 2368
	 batch_normalization_26 		 gamma (64,) | beta (64,) 		 128
	 conv2d_40 		 kernel (1, 1, 64, 64) | bias (64,) 		 4160
	 batch_normalization_27 		 gamma (64,) | beta (64,) 		 128
	 conv2d_41 		 kernel (3, 3, 64, 8) | bias (8,) 		 4616
____________________________________________________________________________________________________
shift_and_log_scale_res_net_tfk_14
	 conv2d_42 		 kernel (3, 3, 4, 64) | bias (64,) 		 2368
	 batch_normalization_28 		 gamma (64,) | beta (64,) 		 128
	 conv2d_43 		 kernel (1, 1, 64, 64) | bias (64,) 		 4160
	 batch_normalization_29 		 gamma (64,) | beta (64,) 		 128
	 conv2d_44 		 kernel (3, 3, 64, 8) | bias (8,) 		 4616
====================================================================================================
Total Trainable Variables:  133266
Start Training on 20 epochs
Epoch 000: Loss: 550.674
Epoch 001: Loss: 528.566
Epoch 002: Loss: 521.617
Epoch 003: Loss: 517.790
Epoch 004: Loss: 518.905
Epoch 005: Loss: 516.151
Epoch 006: Loss: 513.469
Epoch 007: Loss: 511.441
Epoch 008: Loss: 511.418
Epoch 009: Loss: 510.269
Epoch 010: Loss: 509.408
Epoch 011: Loss: 514.454
Epoch 012: Loss: 512.681
Epoch 013: Loss: 510.006
Epoch 014: Loss: 509.702
Epoch 015: Loss: 509.078
Epoch 016: Loss: 507.141
Epoch 017: Loss: 507.720
Epoch 018: Loss: 507.004
Epoch 019: Loss: 507.977
Training time:  1332.65  seconds
loss history saved
9 samples saved
