TensorFlow version: 2.2.0
Eager execution: True
Number of devices: 4
Glow Bijector 2 Blocks: 
	 K = 24 
	 ShiftAndLogScaleResNet 
	 n_filters = 128 
	 batch size = 256
flow sample shape:  (1, 28, 28, 1)
Total Trainable Variables:  1823904
Start Training on 100 epochs
Epoch 000: Train Loss: 8494108.000 Val Loss: 1037.251465
Epoch 001: Train Loss: 151380.078 Val Loss: 334.899719
Epoch 002: Train Loss: 33761.840 Val Loss: -61.143318
Model Saved at ./tf_ckpts/ckpt-1
Epoch 003: Train Loss: -48461.418 Val Loss: -309.120483
Model Saved at ./tf_ckpts/ckpt-2
Epoch 004: Train Loss: -91526.453 Val Loss: -463.110046
Model Saved at ./tf_ckpts/ckpt-3
Epoch 005: Train Loss: -121093.453 Val Loss: -550.949951
Model Saved at ./tf_ckpts/ckpt-4
Epoch 006: Train Loss: -146635.219 Val Loss: -673.417358
Model Saved at ./tf_ckpts/ckpt-5
Epoch 007: Train Loss: -172270.188 Val Loss: -791.335693
Model Saved at ./tf_ckpts/ckpt-6
Epoch 008: Train Loss: -198403.859 Val Loss: -913.443481
Model Saved at ./tf_ckpts/ckpt-7
Epoch 009: Train Loss: -216187.953 Val Loss: -997.875854
Model Saved at ./tf_ckpts/ckpt-8
Epoch 010: Train Loss: -247008.406 Val Loss: -1065.288574
Model Saved at ./tf_ckpts/ckpt-9
Epoch 011: Train Loss: -237727.438 Val Loss: -1176.046387
Model Saved at ./tf_ckpts/ckpt-10
Epoch 012: Train Loss: -281404.594 Val Loss: -1260.140137
Model Saved at ./tf_ckpts/ckpt-11
Epoch 013: Train Loss: -250012.641 Val Loss: -1220.522461
Epoch 014: Train Loss: -316128.750 Val Loss: -1419.349121
Model Saved at ./tf_ckpts/ckpt-12
Epoch 015: Train Loss: -329527.562 Val Loss: -1505.144287
Model Saved at ./tf_ckpts/ckpt-13
Epoch 016: Train Loss: -332489.531 Val Loss: -1571.339111
Model Saved at ./tf_ckpts/ckpt-14
Epoch 017: Train Loss: -349718.219 Val Loss: -1600.280396
Model Saved at ./tf_ckpts/ckpt-15
Epoch 018: Train Loss: -372454.000 Val Loss: -1382.609619
Epoch 019: Train Loss: -371964.188 Val Loss: -1574.626343
Epoch 020: Train Loss: -404415.125 Val Loss: -1826.550293
Model Saved at ./tf_ckpts/ckpt-16
Epoch 021: Train Loss: -414288.969 Val Loss: -1916.935547
Model Saved at ./tf_ckpts/ckpt-17
Epoch 022: Train Loss: -240638.125 Val Loss: -1831.294678
Epoch 023: Train Loss: -435571.000 Val Loss: -2037.767700
Model Saved at ./tf_ckpts/ckpt-18
Epoch 024: Train Loss: -451978.312 Val Loss: -1920.589844
Epoch 025: Train Loss: -467147.844 Val Loss: -2118.908203
Model Saved at ./tf_ckpts/ckpt-19
Epoch 026: Train Loss: -477216.656 Val Loss: -1903.235352
Epoch 027: Train Loss: -497458.750 Val Loss: -2069.687988
Epoch 028: Train Loss: -509964.312 Val Loss: -2052.672363
Epoch 029: Train Loss: -523074.469 Val Loss: -1719.775391
Epoch 030: Train Loss: -503353.094 Val Loss: -2197.270508
Model Saved at ./tf_ckpts/ckpt-20
Epoch 031: Train Loss: -536725.875 Val Loss: -1627.635742
Epoch 032: Train Loss: -559798.000 Val Loss: -2426.404785
Model Saved at ./tf_ckpts/ckpt-21
Epoch 033: Train Loss: -538794.688 Val Loss: -2309.542480
Epoch 034: Train Loss: -589994.875 Val Loss: -2753.246094
Model Saved at ./tf_ckpts/ckpt-22
Epoch 035: Train Loss: -635851.000 Val Loss: -2851.939453
Model Saved at ./tf_ckpts/ckpt-23
Epoch 036: Train Loss: -627719.125 Val Loss: -2955.866699
Model Saved at ./tf_ckpts/ckpt-24
Epoch 037: Train Loss: -616311.312 Val Loss: -2721.739990
Epoch 038: Train Loss: -641101.812 Val Loss: -2998.624268
Model Saved at ./tf_ckpts/ckpt-25
Epoch 039: Train Loss: -688380.938 Val Loss: -2457.344727
Epoch 040: Train Loss: -694748.062 Val Loss: -3173.549072
Model Saved at ./tf_ckpts/ckpt-26
Epoch 041: Train Loss: -709587.500 Val Loss: -2695.216309
Epoch 042: Train Loss: -729082.000 Val Loss: -3130.641113
Epoch 043: Train Loss: -759511.125 Val Loss: -2876.923828
Epoch 044: Train Loss: -774079.625 Val Loss: -3240.805908
Model Saved at ./tf_ckpts/ckpt-27
Epoch 045: Train Loss: -780454.812 Val Loss: -3239.570557
Epoch 046: Train Loss: -788341.375 Val Loss: -2543.703613
Epoch 047: Train Loss: -779080.000 Val Loss: -3219.935059
Epoch 048: Train Loss: -814320.500 Val Loss: -3300.240234
Model Saved at ./tf_ckpts/ckpt-28
Epoch 049: Train Loss: -842733.938 Val Loss: -3801.545898
Model Saved at ./tf_ckpts/ckpt-29
Epoch 050: Train Loss: -861468.125 Val Loss: -3686.994385
Epoch 051: Train Loss: -855676.750 Val Loss: -3747.009766
Epoch 052: Train Loss: -872760.938 Val Loss: -3745.098145
Epoch 053: Train Loss: -897013.938 Val Loss: -3625.502930
Epoch 054: Train Loss: -905011.938 Val Loss: -3845.391113
Model Saved at ./tf_ckpts/ckpt-30
Epoch 055: Train Loss: -953530.250 Val Loss: -4005.440430
Model Saved at ./tf_ckpts/ckpt-31
Epoch 056: Train Loss: -953317.750 Val Loss: -3939.266846
Epoch 057: Train Loss: -961038.812 Val Loss: -4116.204590
Model Saved at ./tf_ckpts/ckpt-32
Epoch 058: Train Loss: -971519.812 Val Loss: -4109.410156
Epoch 059: Train Loss: -1018621.562 Val Loss: -4288.337891
Model Saved at ./tf_ckpts/ckpt-33
Epoch 060: Train Loss: -1054566.625 Val Loss: -4522.432617
Model Saved at ./tf_ckpts/ckpt-34
Epoch 061: Train Loss: -1052872.375 Val Loss: -4384.935547
Epoch 062: Train Loss: -1055243.250 Val Loss: -4745.458496
Model Saved at ./tf_ckpts/ckpt-35
Epoch 063: Train Loss: -1067732.250 Val Loss: -4630.778320
Epoch 064: Train Loss: -1128817.500 Val Loss: -4930.591797
Model Saved at ./tf_ckpts/ckpt-36
Epoch 065: Train Loss: -1160502.375 Val Loss: -4777.814453
Epoch 066: Train Loss: -1154989.500 Val Loss: -4486.533203
Epoch 067: Train Loss: -1193495.625 Val Loss: -5166.610352
Model Saved at ./tf_ckpts/ckpt-37
Epoch 068: Train Loss: -1219272.125 Val Loss: -5196.168457
Model Saved at ./tf_ckpts/ckpt-38
Epoch 069: Train Loss: -1260413.875 Val Loss: -5533.870605
Model Saved at ./tf_ckpts/ckpt-39
Epoch 070: Train Loss: -1270395.875 Val Loss: -5187.892578
Epoch 071: Train Loss: -1320732.250 Val Loss: -5621.149414
Model Saved at ./tf_ckpts/ckpt-40
Epoch 072: Train Loss: -943601.125 Val Loss: -4284.428711
Epoch 073: Train Loss: -1129096.625 Val Loss: -4494.256836
Epoch 074: Train Loss: -1199618.500 Val Loss: -5418.493164
Epoch 075: Train Loss: -1223931.500 Val Loss: -5492.443359
Epoch 076: Train Loss: -1275235.125 Val Loss: -5041.026367
Epoch 077: Train Loss: -1300050.250 Val Loss: -5289.321289
Epoch 078: Train Loss: -1305863.875 Val Loss: -5769.522461
Model Saved at ./tf_ckpts/ckpt-41
Epoch 079: Train Loss: -1323054.750 Val Loss: -5647.754883
Epoch 080: Train Loss: -1347981.125 Val Loss: -5738.375977
Epoch 081: Train Loss: -1326787.250 Val Loss: -5762.719238
Epoch 082: Train Loss: -1357864.375 Val Loss: -5988.081055
Model Saved at ./tf_ckpts/ckpt-42
Epoch 083: Train Loss: -1392104.625 Val Loss: -6004.087891
Model Saved at ./tf_ckpts/ckpt-43
Epoch 084: Train Loss: -1369257.125 Val Loss: -5531.222656
Epoch 085: Train Loss: -1389383.000 Val Loss: -6048.565918
Model Saved at ./tf_ckpts/ckpt-44
Epoch 086: Train Loss: -1397717.000 Val Loss: -5846.328613
Epoch 087: Train Loss: -1424625.875 Val Loss: -6117.248047
Model Saved at ./tf_ckpts/ckpt-45
Epoch 088: Train Loss: -1394066.375 Val Loss: -3544.792236
Epoch 089: Train Loss: -1262116.000 Val Loss: -5478.093262
Epoch 090: Train Loss: -1361541.125 Val Loss: -6099.747070
Epoch 091: Train Loss: -1349066.375 Val Loss: -5880.851074
Epoch 092: Train Loss: -1392867.000 Val Loss: -5921.664551
Epoch 093: Train Loss: -1401393.125 Val Loss: -6005.373047
Epoch 094: Train Loss: -1424059.125 Val Loss: -6164.811523
Model Saved at ./tf_ckpts/ckpt-46
Epoch 095: Train Loss: -1450581.500 Val Loss: -6223.954102
Model Saved at ./tf_ckpts/ckpt-47
Epoch 096: Train Loss: -1421070.750 Val Loss: -6193.998047
Epoch 097: Train Loss: -1458239.000 Val Loss: -5576.485352
Epoch 098: Train Loss: -1455696.125 Val Loss: -6246.605469
Model Saved at ./tf_ckpts/ckpt-48
Epoch 099: Train Loss: -1455375.000 Val Loss: -6290.689453
Model Saved at ./tf_ckpts/ckpt-49
Model Saved at ./tf_ckpts/ckpt-49
Training time:  7510.15  seconds
