TensorFlow version: 2.2.0
Eager execution: True
Glow Bijector 2 Blocks: K = 32 
 ShiftAndLogScaleResNet 
 n_filters = 128 
 batch size : 128
flow sample shape:  (1, 28, 28, 1)
____________________________________________________________________________________________________
Network 	 Layer 	 Shape 						 #parameters
====================================================================================================
glowBlock1/glowStep0
	 ActNorm 		 scale (4,) | shift (4,) 		 8
____________________________________________________________________________________________________
forward/shift_and_log_scale_res_net
	 conv2d 		 kernel (3, 3, 4, 128) | bias (128,) 		 4736
	 batch_normalization 		 gamma (128,) | beta (128,) 		 256
	 conv2d_1 		 kernel (1, 1, 128, 128) | bias (128,) 		 16512
	 batch_normalization_1 		 gamma (128,) | beta (128,) 		 256
	 conv2d_2 		 kernel (3, 3, 128, 8) | bias (8,) 		 9224
____________________________________________________________________________________________________
glowBlock1/glowStep0
	 inv1x1conv 		 L (4, 4) | log_S (4,) | U (4, 4) 		 36
____________________________________________________________________________________________________
glowBlock1/glowStep1
	 ActNorm 		 scale (4,) | shift (4,) 		 8
____________________________________________________________________________________________________
forward/shift_and_log_scale_res_net_1
	 conv2d_3 		 kernel (3, 3, 4, 128) | bias (128,) 		 4736
	 batch_normalization_2 		 gamma (128,) | beta (128,) 		 256
	 conv2d_4 		 kernel (1, 1, 128, 128) | bias (128,) 		 16512
	 batch_normalization_3 		 gamma (128,) | beta (128,) 		 256
	 conv2d_5 		 kernel (3, 3, 128, 8) | bias (8,) 		 9224
____________________________________________________________________________________________________
glowBlock1/glowStep1
	 inv1x1conv 		 L (4, 4) | log_S (4,) | U (4, 4) 		 36
____________________________________________________________________________________________________
glowBlock1/glowStep2
	 ActNorm 		 scale (4,) | shift (4,) 		 8
____________________________________________________________________________________________________
forward/shift_and_log_scale_res_net_2
	 conv2d_6 		 kernel (3, 3, 4, 128) | bias (128,) 		 4736
	 batch_normalization_4 		 gamma (128,) | beta (128,) 		 256
	 conv2d_7 		 kernel (1, 1, 128, 128) | bias (128,) 		 16512
	 batch_normalization_5 		 gamma (128,) | beta (128,) 		 256
	 conv2d_8 		 kernel (3, 3, 128, 8) | bias (8,) 		 9224
____________________________________________________________________________________________________
glowBlock1/glowStep2
	 inv1x1conv 		 L (4, 4) | log_S (4,) | U (4, 4) 		 36
____________________________________________________________________________________________________
glowBlock1/glowStep3
	 ActNorm 		 scale (4,) | shift (4,) 		 8
____________________________________________________________________________________________________
forward/shift_and_log_scale_res_net_3
	 conv2d_9 		 kernel (3, 3, 4, 128) | bias (128,) 		 4736
	 batch_normalization_6 		 gamma (128,) | beta (128,) 		 256
	 conv2d_10 		 kernel (1, 1, 128, 128) | bias (128,) 		 16512
	 batch_normalization_7 		 gamma (128,) | beta (128,) 		 256
	 conv2d_11 		 kernel (3, 3, 128, 8) | bias (8,) 		 9224
____________________________________________________________________________________________________
glowBlock1/glowStep3
	 inv1x1conv 		 L (4, 4) | log_S (4,) | U (4, 4) 		 36
____________________________________________________________________________________________________
glowBlock1/glowStep4
	 ActNorm 		 scale (4,) | shift (4,) 		 8
____________________________________________________________________________________________________
forward/shift_and_log_scale_res_net_4
	 conv2d_12 		 kernel (3, 3, 4, 128) | bias (128,) 		 4736
	 batch_normalization_8 		 gamma (128,) | beta (128,) 		 256
	 conv2d_13 		 kernel (1, 1, 128, 128) | bias (128,) 		 16512
	 batch_normalization_9 		 gamma (128,) | beta (128,) 		 256
	 conv2d_14 		 kernel (3, 3, 128, 8) | bias (8,) 		 9224
____________________________________________________________________________________________________
glowBlock1/glowStep4
	 inv1x1conv 		 L (4, 4) | log_S (4,) | U (4, 4) 		 36
____________________________________________________________________________________________________
glowBlock1/glowStep5
	 ActNorm 		 scale (4,) | shift (4,) 		 8
____________________________________________________________________________________________________
forward/shift_and_log_scale_res_net_5
	 conv2d_15 		 kernel (3, 3, 4, 128) | bias (128,) 		 4736
	 batch_normalization_10 		 gamma (128,) | beta (128,) 		 256
	 conv2d_16 		 kernel (1, 1, 128, 128) | bias (128,) 		 16512
	 batch_normalization_11 		 gamma (128,) | beta (128,) 		 256
	 conv2d_17 		 kernel (3, 3, 128, 8) | bias (8,) 		 9224
____________________________________________________________________________________________________
glowBlock1/glowStep5
	 inv1x1conv 		 L (4, 4) | log_S (4,) | U (4, 4) 		 36
____________________________________________________________________________________________________
glowBlock1/glowStep6
	 ActNorm 		 scale (4,) | shift (4,) 		 8
____________________________________________________________________________________________________
forward/shift_and_log_scale_res_net_6
	 conv2d_18 		 kernel (3, 3, 4, 128) | bias (128,) 		 4736
	 batch_normalization_12 		 gamma (128,) | beta (128,) 		 256
	 conv2d_19 		 kernel (1, 1, 128, 128) | bias (128,) 		 16512
	 batch_normalization_13 		 gamma (128,) | beta (128,) 		 256
	 conv2d_20 		 kernel (3, 3, 128, 8) | bias (8,) 		 9224
____________________________________________________________________________________________________
glowBlock1/glowStep6
	 inv1x1conv 		 L (4, 4) | log_S (4,) | U (4, 4) 		 36
____________________________________________________________________________________________________
glowBlock1/glowStep7
	 ActNorm 		 scale (4,) | shift (4,) 		 8
____________________________________________________________________________________________________
forward/shift_and_log_scale_res_net_7
	 conv2d_21 		 kernel (3, 3, 4, 128) | bias (128,) 		 4736
	 batch_normalization_14 		 gamma (128,) | beta (128,) 		 256
	 conv2d_22 		 kernel (1, 1, 128, 128) | bias (128,) 		 16512
	 batch_normalization_15 		 gamma (128,) | beta (128,) 		 256
	 conv2d_23 		 kernel (3, 3, 128, 8) | bias (8,) 		 9224
____________________________________________________________________________________________________
glowBlock1/glowStep7
	 inv1x1conv 		 L (4, 4) | log_S (4,) | U (4, 4) 		 36
____________________________________________________________________________________________________
glowBlock1/glowStep8
	 ActNorm 		 scale (4,) | shift (4,) 		 8
____________________________________________________________________________________________________
forward/shift_and_log_scale_res_net_8
	 conv2d_24 		 kernel (3, 3, 4, 128) | bias (128,) 		 4736
	 batch_normalization_16 		 gamma (128,) | beta (128,) 		 256
	 conv2d_25 		 kernel (1, 1, 128, 128) | bias (128,) 		 16512
	 batch_normalization_17 		 gamma (128,) | beta (128,) 		 256
	 conv2d_26 		 kernel (3, 3, 128, 8) | bias (8,) 		 9224
____________________________________________________________________________________________________
glowBlock1/glowStep8
	 inv1x1conv 		 L (4, 4) | log_S (4,) | U (4, 4) 		 36
____________________________________________________________________________________________________
glowBlock1/glowStep9
	 ActNorm 		 scale (4,) | shift (4,) 		 8
____________________________________________________________________________________________________
forward/shift_and_log_scale_res_net_9
	 conv2d_27 		 kernel (3, 3, 4, 128) | bias (128,) 		 4736
	 batch_normalization_18 		 gamma (128,) | beta (128,) 		 256
	 conv2d_28 		 kernel (1, 1, 128, 128) | bias (128,) 		 16512
	 batch_normalization_19 		 gamma (128,) | beta (128,) 		 256
	 conv2d_29 		 kernel (3, 3, 128, 8) | bias (8,) 		 9224
____________________________________________________________________________________________________
glowBlock1/glowStep9
	 inv1x1conv 		 L (4, 4) | log_S (4,) | U (4, 4) 		 36
____________________________________________________________________________________________________
glowBlock1/glowStep10
	 ActNorm 		 scale (4,) | shift (4,) 		 8
____________________________________________________________________________________________________
forward/shift_and_log_scale_res_net_10
	 conv2d_30 		 kernel (3, 3, 4, 128) | bias (128,) 		 4736
	 batch_normalization_20 		 gamma (128,) | beta (128,) 		 256
	 conv2d_31 		 kernel (1, 1, 128, 128) | bias (128,) 		 16512
	 batch_normalization_21 		 gamma (128,) | beta (128,) 		 256
	 conv2d_32 		 kernel (3, 3, 128, 8) | bias (8,) 		 9224
____________________________________________________________________________________________________
glowBlock1/glowStep10
	 inv1x1conv 		 L (4, 4) | log_S (4,) | U (4, 4) 		 36
____________________________________________________________________________________________________
glowBlock1/glowStep11
	 ActNorm 		 scale (4,) | shift (4,) 		 8
____________________________________________________________________________________________________
forward/shift_and_log_scale_res_net_11
	 conv2d_33 		 kernel (3, 3, 4, 128) | bias (128,) 		 4736
	 batch_normalization_22 		 gamma (128,) | beta (128,) 		 256
	 conv2d_34 		 kernel (1, 1, 128, 128) | bias (128,) 		 16512
	 batch_normalization_23 		 gamma (128,) | beta (128,) 		 256
	 conv2d_35 		 kernel (3, 3, 128, 8) | bias (8,) 		 9224
____________________________________________________________________________________________________
glowBlock1/glowStep11
	 inv1x1conv 		 L (4, 4) | log_S (4,) | U (4, 4) 		 36
____________________________________________________________________________________________________
glowBlock1/glowStep12
	 ActNorm 		 scale (4,) | shift (4,) 		 8
____________________________________________________________________________________________________
forward/shift_and_log_scale_res_net_12
	 conv2d_36 		 kernel (3, 3, 4, 128) | bias (128,) 		 4736
	 batch_normalization_24 		 gamma (128,) | beta (128,) 		 256
	 conv2d_37 		 kernel (1, 1, 128, 128) | bias (128,) 		 16512
	 batch_normalization_25 		 gamma (128,) | beta (128,) 		 256
	 conv2d_38 		 kernel (3, 3, 128, 8) | bias (8,) 		 9224
____________________________________________________________________________________________________
glowBlock1/glowStep12
	 inv1x1conv 		 L (4, 4) | log_S (4,) | U (4, 4) 		 36
____________________________________________________________________________________________________
glowBlock1/glowStep13
	 ActNorm 		 scale (4,) | shift (4,) 		 8
____________________________________________________________________________________________________
forward/shift_and_log_scale_res_net_13
	 conv2d_39 		 kernel (3, 3, 4, 128) | bias (128,) 		 4736
	 batch_normalization_26 		 gamma (128,) | beta (128,) 		 256
	 conv2d_40 		 kernel (1, 1, 128, 128) | bias (128,) 		 16512
	 batch_normalization_27 		 gamma (128,) | beta (128,) 		 256
	 conv2d_41 		 kernel (3, 3, 128, 8) | bias (8,) 		 9224
____________________________________________________________________________________________________
glowBlock1/glowStep13
	 inv1x1conv 		 L (4, 4) | log_S (4,) | U (4, 4) 		 36
____________________________________________________________________________________________________
glowBlock1/glowStep14
	 ActNorm 		 scale (4,) | shift (4,) 		 8
____________________________________________________________________________________________________
forward/shift_and_log_scale_res_net_14
	 conv2d_42 		 kernel (3, 3, 4, 128) | bias (128,) 		 4736
	 batch_normalization_28 		 gamma (128,) | beta (128,) 		 256
	 conv2d_43 		 kernel (1, 1, 128, 128) | bias (128,) 		 16512
	 batch_normalization_29 		 gamma (128,) | beta (128,) 		 256
	 conv2d_44 		 kernel (3, 3, 128, 8) | bias (8,) 		 9224
____________________________________________________________________________________________________
glowBlock1/glowStep14
	 inv1x1conv 		 L (4, 4) | log_S (4,) | U (4, 4) 		 36
____________________________________________________________________________________________________
glowBlock1/glowStep15
	 ActNorm 		 scale (4,) | shift (4,) 		 8
____________________________________________________________________________________________________
forward/shift_and_log_scale_res_net_15
	 conv2d_45 		 kernel (3, 3, 4, 128) | bias (128,) 		 4736
	 batch_normalization_30 		 gamma (128,) | beta (128,) 		 256
	 conv2d_46 		 kernel (1, 1, 128, 128) | bias (128,) 		 16512
	 batch_normalization_31 		 gamma (128,) | beta (128,) 		 256
	 conv2d_47 		 kernel (3, 3, 128, 8) | bias (8,) 		 9224
____________________________________________________________________________________________________
glowBlock1/glowStep15
	 inv1x1conv 		 L (4, 4) | log_S (4,) | U (4, 4) 		 36
____________________________________________________________________________________________________
glowBlock1/glowStep16
	 ActNorm 		 scale (4,) | shift (4,) 		 8
____________________________________________________________________________________________________
forward/shift_and_log_scale_res_net_16
	 conv2d_48 		 kernel (3, 3, 4, 128) | bias (128,) 		 4736
	 batch_normalization_32 		 gamma (128,) | beta (128,) 		 256
	 conv2d_49 		 kernel (1, 1, 128, 128) | bias (128,) 		 16512
	 batch_normalization_33 		 gamma (128,) | beta (128,) 		 256
	 conv2d_50 		 kernel (3, 3, 128, 8) | bias (8,) 		 9224
____________________________________________________________________________________________________
glowBlock1/glowStep16
	 inv1x1conv 		 L (4, 4) | log_S (4,) | U (4, 4) 		 36
____________________________________________________________________________________________________
glowBlock1/glowStep17
	 ActNorm 		 scale (4,) | shift (4,) 		 8
____________________________________________________________________________________________________
forward/shift_and_log_scale_res_net_17
	 conv2d_51 		 kernel (3, 3, 4, 128) | bias (128,) 		 4736
	 batch_normalization_34 		 gamma (128,) | beta (128,) 		 256
	 conv2d_52 		 kernel (1, 1, 128, 128) | bias (128,) 		 16512
	 batch_normalization_35 		 gamma (128,) | beta (128,) 		 256
	 conv2d_53 		 kernel (3, 3, 128, 8) | bias (8,) 		 9224
____________________________________________________________________________________________________
glowBlock1/glowStep17
	 inv1x1conv 		 L (4, 4) | log_S (4,) | U (4, 4) 		 36
____________________________________________________________________________________________________
glowBlock1/glowStep18
	 ActNorm 		 scale (4,) | shift (4,) 		 8
____________________________________________________________________________________________________
forward/shift_and_log_scale_res_net_18
	 conv2d_54 		 kernel (3, 3, 4, 128) | bias (128,) 		 4736
	 batch_normalization_36 		 gamma (128,) | beta (128,) 		 256
	 conv2d_55 		 kernel (1, 1, 128, 128) | bias (128,) 		 16512
	 batch_normalization_37 		 gamma (128,) | beta (128,) 		 256
	 conv2d_56 		 kernel (3, 3, 128, 8) | bias (8,) 		 9224
____________________________________________________________________________________________________
glowBlock1/glowStep18
	 inv1x1conv 		 L (4, 4) | log_S (4,) | U (4, 4) 		 36
____________________________________________________________________________________________________
glowBlock1/glowStep19
	 ActNorm 		 scale (4,) | shift (4,) 		 8
____________________________________________________________________________________________________
forward/shift_and_log_scale_res_net_19
	 conv2d_57 		 kernel (3, 3, 4, 128) | bias (128,) 		 4736
	 batch_normalization_38 		 gamma (128,) | beta (128,) 		 256
	 conv2d_58 		 kernel (1, 1, 128, 128) | bias (128,) 		 16512
	 batch_normalization_39 		 gamma (128,) | beta (128,) 		 256
	 conv2d_59 		 kernel (3, 3, 128, 8) | bias (8,) 		 9224
____________________________________________________________________________________________________
glowBlock1/glowStep19
	 inv1x1conv 		 L (4, 4) | log_S (4,) | U (4, 4) 		 36
____________________________________________________________________________________________________
glowBlock1/glowStep20
	 ActNorm 		 scale (4,) | shift (4,) 		 8
____________________________________________________________________________________________________
forward/shift_and_log_scale_res_net_20
	 conv2d_60 		 kernel (3, 3, 4, 128) | bias (128,) 		 4736
	 batch_normalization_40 		 gamma (128,) | beta (128,) 		 256
	 conv2d_61 		 kernel (1, 1, 128, 128) | bias (128,) 		 16512
	 batch_normalization_41 		 gamma (128,) | beta (128,) 		 256
	 conv2d_62 		 kernel (3, 3, 128, 8) | bias (8,) 		 9224
____________________________________________________________________________________________________
glowBlock1/glowStep20
	 inv1x1conv 		 L (4, 4) | log_S (4,) | U (4, 4) 		 36
____________________________________________________________________________________________________
glowBlock1/glowStep21
	 ActNorm 		 scale (4,) | shift (4,) 		 8
____________________________________________________________________________________________________
forward/shift_and_log_scale_res_net_21
	 conv2d_63 		 kernel (3, 3, 4, 128) | bias (128,) 		 4736
	 batch_normalization_42 		 gamma (128,) | beta (128,) 		 256
	 conv2d_64 		 kernel (1, 1, 128, 128) | bias (128,) 		 16512
	 batch_normalization_43 		 gamma (128,) | beta (128,) 		 256
	 conv2d_65 		 kernel (3, 3, 128, 8) | bias (8,) 		 9224
____________________________________________________________________________________________________
glowBlock1/glowStep21
	 inv1x1conv 		 L (4, 4) | log_S (4,) | U (4, 4) 		 36
____________________________________________________________________________________________________
glowBlock1/glowStep22
	 ActNorm 		 scale (4,) | shift (4,) 		 8
____________________________________________________________________________________________________
forward/shift_and_log_scale_res_net_22
	 conv2d_66 		 kernel (3, 3, 4, 128) | bias (128,) 		 4736
	 batch_normalization_44 		 gamma (128,) | beta (128,) 		 256
	 conv2d_67 		 kernel (1, 1, 128, 128) | bias (128,) 		 16512
	 batch_normalization_45 		 gamma (128,) | beta (128,) 		 256
	 conv2d_68 		 kernel (3, 3, 128, 8) | bias (8,) 		 9224
____________________________________________________________________________________________________
glowBlock1/glowStep22
	 inv1x1conv 		 L (4, 4) | log_S (4,) | U (4, 4) 		 36
____________________________________________________________________________________________________
glowBlock1/glowStep23
	 ActNorm 		 scale (4,) | shift (4,) 		 8
____________________________________________________________________________________________________
forward/shift_and_log_scale_res_net_23
	 conv2d_69 		 kernel (3, 3, 4, 128) | bias (128,) 		 4736
	 batch_normalization_46 		 gamma (128,) | beta (128,) 		 256
	 conv2d_70 		 kernel (1, 1, 128, 128) | bias (128,) 		 16512
	 batch_normalization_47 		 gamma (128,) | beta (128,) 		 256
	 conv2d_71 		 kernel (3, 3, 128, 8) | bias (8,) 		 9224
____________________________________________________________________________________________________
glowBlock1/glowStep23
	 inv1x1conv 		 L (4, 4) | log_S (4,) | U (4, 4) 		 36
____________________________________________________________________________________________________
glowBlock1/glowStep24
	 ActNorm 		 scale (4,) | shift (4,) 		 8
____________________________________________________________________________________________________
forward/shift_and_log_scale_res_net_24
	 conv2d_72 		 kernel (3, 3, 4, 128) | bias (128,) 		 4736
	 batch_normalization_48 		 gamma (128,) | beta (128,) 		 256
	 conv2d_73 		 kernel (1, 1, 128, 128) | bias (128,) 		 16512
	 batch_normalization_49 		 gamma (128,) | beta (128,) 		 256
	 conv2d_74 		 kernel (3, 3, 128, 8) | bias (8,) 		 9224
____________________________________________________________________________________________________
glowBlock1/glowStep24
	 inv1x1conv 		 L (4, 4) | log_S (4,) | U (4, 4) 		 36
____________________________________________________________________________________________________
glowBlock1/glowStep25
	 ActNorm 		 scale (4,) | shift (4,) 		 8
____________________________________________________________________________________________________
forward/shift_and_log_scale_res_net_25
	 conv2d_75 		 kernel (3, 3, 4, 128) | bias (128,) 		 4736
	 batch_normalization_50 		 gamma (128,) | beta (128,) 		 256
	 conv2d_76 		 kernel (1, 1, 128, 128) | bias (128,) 		 16512
	 batch_normalization_51 		 gamma (128,) | beta (128,) 		 256
	 conv2d_77 		 kernel (3, 3, 128, 8) | bias (8,) 		 9224
____________________________________________________________________________________________________
glowBlock1/glowStep25
	 inv1x1conv 		 L (4, 4) | log_S (4,) | U (4, 4) 		 36
____________________________________________________________________________________________________
glowBlock1/glowStep26
	 ActNorm 		 scale (4,) | shift (4,) 		 8
____________________________________________________________________________________________________
forward/shift_and_log_scale_res_net_26
	 conv2d_78 		 kernel (3, 3, 4, 128) | bias (128,) 		 4736
	 batch_normalization_52 		 gamma (128,) | beta (128,) 		 256
	 conv2d_79 		 kernel (1, 1, 128, 128) | bias (128,) 		 16512
	 batch_normalization_53 		 gamma (128,) | beta (128,) 		 256
	 conv2d_80 		 kernel (3, 3, 128, 8) | bias (8,) 		 9224
____________________________________________________________________________________________________
glowBlock1/glowStep26
	 inv1x1conv 		 L (4, 4) | log_S (4,) | U (4, 4) 		 36
____________________________________________________________________________________________________
glowBlock1/glowStep27
	 ActNorm 		 scale (4,) | shift (4,) 		 8
____________________________________________________________________________________________________
forward/shift_and_log_scale_res_net_27
	 conv2d_81 		 kernel (3, 3, 4, 128) | bias (128,) 		 4736
	 batch_normalization_54 		 gamma (128,) | beta (128,) 		 256
	 conv2d_82 		 kernel (1, 1, 128, 128) | bias (128,) 		 16512
	 batch_normalization_55 		 gamma (128,) | beta (128,) 		 256
	 conv2d_83 		 kernel (3, 3, 128, 8) | bias (8,) 		 9224
____________________________________________________________________________________________________
glowBlock1/glowStep27
	 inv1x1conv 		 L (4, 4) | log_S (4,) | U (4, 4) 		 36
____________________________________________________________________________________________________
glowBlock1/glowStep28
	 ActNorm 		 scale (4,) | shift (4,) 		 8
____________________________________________________________________________________________________
forward/shift_and_log_scale_res_net_28
	 conv2d_84 		 kernel (3, 3, 4, 128) | bias (128,) 		 4736
	 batch_normalization_56 		 gamma (128,) | beta (128,) 		 256
	 conv2d_85 		 kernel (1, 1, 128, 128) | bias (128,) 		 16512
	 batch_normalization_57 		 gamma (128,) | beta (128,) 		 256
	 conv2d_86 		 kernel (3, 3, 128, 8) | bias (8,) 		 9224
____________________________________________________________________________________________________
glowBlock1/glowStep28
	 inv1x1conv 		 L (4, 4) | log_S (4,) | U (4, 4) 		 36
____________________________________________________________________________________________________
glowBlock1/glowStep29
	 ActNorm 		 scale (4,) | shift (4,) 		 8
____________________________________________________________________________________________________
forward/shift_and_log_scale_res_net_29
	 conv2d_87 		 kernel (3, 3, 4, 128) | bias (128,) 		 4736
	 batch_normalization_58 		 gamma (128,) | beta (128,) 		 256
	 conv2d_88 		 kernel (1, 1, 128, 128) | bias (128,) 		 16512
	 batch_normalization_59 		 gamma (128,) | beta (128,) 		 256
	 conv2d_89 		 kernel (3, 3, 128, 8) | bias (8,) 		 9224
____________________________________________________________________________________________________
glowBlock1/glowStep29
	 inv1x1conv 		 L (4, 4) | log_S (4,) | U (4, 4) 		 36
____________________________________________________________________________________________________
glowBlock1/glowStep30
	 ActNorm 		 scale (4,) | shift (4,) 		 8
____________________________________________________________________________________________________
forward/shift_and_log_scale_res_net_30
	 conv2d_90 		 kernel (3, 3, 4, 128) | bias (128,) 		 4736
	 batch_normalization_60 		 gamma (128,) | beta (128,) 		 256
	 conv2d_91 		 kernel (1, 1, 128, 128) | bias (128,) 		 16512
	 batch_normalization_61 		 gamma (128,) | beta (128,) 		 256
	 conv2d_92 		 kernel (3, 3, 128, 8) | bias (8,) 		 9224
____________________________________________________________________________________________________
glowBlock1/glowStep30
	 inv1x1conv 		 L (4, 4) | log_S (4,) | U (4, 4) 		 36
____________________________________________________________________________________________________
glowBlock1/glowStep31
	 ActNorm 		 scale (4,) | shift (4,) 		 8
____________________________________________________________________________________________________
forward/shift_and_log_scale_res_net_31
	 conv2d_93 		 kernel (3, 3, 4, 128) | bias (128,) 		 4736
	 batch_normalization_62 		 gamma (128,) | beta (128,) 		 256
	 conv2d_94 		 kernel (1, 1, 128, 128) | bias (128,) 		 16512
	 batch_normalization_63 		 gamma (128,) | beta (128,) 		 256
	 conv2d_95 		 kernel (3, 3, 128, 8) | bias (8,) 		 9224
____________________________________________________________________________________________________
glowBlock1/glowStep31
	 inv1x1conv 		 L (4, 4) | log_S (4,) | U (4, 4) 		 36
____________________________________________________________________________________________________
glowBlock2/glowStep0
	 ActNorm 		 scale (8,) | shift (8,) 		 16
____________________________________________________________________________________________________
forward/shift_and_log_scale_res_net_32
	 conv2d_96 		 kernel (3, 3, 8, 128) | bias (128,) 		 9344
	 batch_normalization_64 		 gamma (128,) | beta (128,) 		 256
	 conv2d_97 		 kernel (1, 1, 128, 128) | bias (128,) 		 16512
	 batch_normalization_65 		 gamma (128,) | beta (128,) 		 256
	 conv2d_98 		 kernel (3, 3, 128, 16) | bias (16,) 		 18448
____________________________________________________________________________________________________
glowBlock2/glowStep0
	 inv1x1conv 		 L (8, 8) | log_S (8,) | U (8, 8) 		 136
____________________________________________________________________________________________________
glowBlock2/glowStep1
	 ActNorm 		 scale (8,) | shift (8,) 		 16
____________________________________________________________________________________________________
forward/shift_and_log_scale_res_net_33
	 conv2d_99 		 kernel (3, 3, 8, 128) | bias (128,) 		 9344
	 batch_normalization_66 		 gamma (128,) | beta (128,) 		 256
	 conv2d_100 		 kernel (1, 1, 128, 128) | bias (128,) 		 16512
	 batch_normalization_67 		 gamma (128,) | beta (128,) 		 256
	 conv2d_101 		 kernel (3, 3, 128, 16) | bias (16,) 		 18448
____________________________________________________________________________________________________
glowBlock2/glowStep1
	 inv1x1conv 		 L (8, 8) | log_S (8,) | U (8, 8) 		 136
____________________________________________________________________________________________________
glowBlock2/glowStep2
	 ActNorm 		 scale (8,) | shift (8,) 		 16
____________________________________________________________________________________________________
forward/shift_and_log_scale_res_net_34
	 conv2d_102 		 kernel (3, 3, 8, 128) | bias (128,) 		 9344
	 batch_normalization_68 		 gamma (128,) | beta (128,) 		 256
	 conv2d_103 		 kernel (1, 1, 128, 128) | bias (128,) 		 16512
	 batch_normalization_69 		 gamma (128,) | beta (128,) 		 256
	 conv2d_104 		 kernel (3, 3, 128, 16) | bias (16,) 		 18448
____________________________________________________________________________________________________
glowBlock2/glowStep2
	 inv1x1conv 		 L (8, 8) | log_S (8,) | U (8, 8) 		 136
____________________________________________________________________________________________________
glowBlock2/glowStep3
	 ActNorm 		 scale (8,) | shift (8,) 		 16
____________________________________________________________________________________________________
forward/shift_and_log_scale_res_net_35
	 conv2d_105 		 kernel (3, 3, 8, 128) | bias (128,) 		 9344
	 batch_normalization_70 		 gamma (128,) | beta (128,) 		 256
	 conv2d_106 		 kernel (1, 1, 128, 128) | bias (128,) 		 16512
	 batch_normalization_71 		 gamma (128,) | beta (128,) 		 256
	 conv2d_107 		 kernel (3, 3, 128, 16) | bias (16,) 		 18448
____________________________________________________________________________________________________
glowBlock2/glowStep3
	 inv1x1conv 		 L (8, 8) | log_S (8,) | U (8, 8) 		 136
____________________________________________________________________________________________________
glowBlock2/glowStep4
	 ActNorm 		 scale (8,) | shift (8,) 		 16
____________________________________________________________________________________________________
forward/shift_and_log_scale_res_net_36
	 conv2d_108 		 kernel (3, 3, 8, 128) | bias (128,) 		 9344
	 batch_normalization_72 		 gamma (128,) | beta (128,) 		 256
	 conv2d_109 		 kernel (1, 1, 128, 128) | bias (128,) 		 16512
	 batch_normalization_73 		 gamma (128,) | beta (128,) 		 256
	 conv2d_110 		 kernel (3, 3, 128, 16) | bias (16,) 		 18448
____________________________________________________________________________________________________
glowBlock2/glowStep4
	 inv1x1conv 		 L (8, 8) | log_S (8,) | U (8, 8) 		 136
____________________________________________________________________________________________________
glowBlock2/glowStep5
	 ActNorm 		 scale (8,) | shift (8,) 		 16
____________________________________________________________________________________________________
forward/shift_and_log_scale_res_net_37
	 conv2d_111 		 kernel (3, 3, 8, 128) | bias (128,) 		 9344
	 batch_normalization_74 		 gamma (128,) | beta (128,) 		 256
	 conv2d_112 		 kernel (1, 1, 128, 128) | bias (128,) 		 16512
	 batch_normalization_75 		 gamma (128,) | beta (128,) 		 256
	 conv2d_113 		 kernel (3, 3, 128, 16) | bias (16,) 		 18448
____________________________________________________________________________________________________
glowBlock2/glowStep5
	 inv1x1conv 		 L (8, 8) | log_S (8,) | U (8, 8) 		 136
____________________________________________________________________________________________________
glowBlock2/glowStep6
	 ActNorm 		 scale (8,) | shift (8,) 		 16
____________________________________________________________________________________________________
forward/shift_and_log_scale_res_net_38
	 conv2d_114 		 kernel (3, 3, 8, 128) | bias (128,) 		 9344
	 batch_normalization_76 		 gamma (128,) | beta (128,) 		 256
	 conv2d_115 		 kernel (1, 1, 128, 128) | bias (128,) 		 16512
	 batch_normalization_77 		 gamma (128,) | beta (128,) 		 256
	 conv2d_116 		 kernel (3, 3, 128, 16) | bias (16,) 		 18448
____________________________________________________________________________________________________
glowBlock2/glowStep6
	 inv1x1conv 		 L (8, 8) | log_S (8,) | U (8, 8) 		 136
____________________________________________________________________________________________________
glowBlock2/glowStep7
	 ActNorm 		 scale (8,) | shift (8,) 		 16
____________________________________________________________________________________________________
forward/shift_and_log_scale_res_net_39
	 conv2d_117 		 kernel (3, 3, 8, 128) | bias (128,) 		 9344
	 batch_normalization_78 		 gamma (128,) | beta (128,) 		 256
	 conv2d_118 		 kernel (1, 1, 128, 128) | bias (128,) 		 16512
	 batch_normalization_79 		 gamma (128,) | beta (128,) 		 256
	 conv2d_119 		 kernel (3, 3, 128, 16) | bias (16,) 		 18448
____________________________________________________________________________________________________
glowBlock2/glowStep7
	 inv1x1conv 		 L (8, 8) | log_S (8,) | U (8, 8) 		 136
____________________________________________________________________________________________________
glowBlock2/glowStep8
	 ActNorm 		 scale (8,) | shift (8,) 		 16
____________________________________________________________________________________________________
forward/shift_and_log_scale_res_net_40
	 conv2d_120 		 kernel (3, 3, 8, 128) | bias (128,) 		 9344
	 batch_normalization_80 		 gamma (128,) | beta (128,) 		 256
	 conv2d_121 		 kernel (1, 1, 128, 128) | bias (128,) 		 16512
	 batch_normalization_81 		 gamma (128,) | beta (128,) 		 256
	 conv2d_122 		 kernel (3, 3, 128, 16) | bias (16,) 		 18448
____________________________________________________________________________________________________
glowBlock2/glowStep8
	 inv1x1conv 		 L (8, 8) | log_S (8,) | U (8, 8) 		 136
____________________________________________________________________________________________________
glowBlock2/glowStep9
	 ActNorm 		 scale (8,) | shift (8,) 		 16
____________________________________________________________________________________________________
forward/shift_and_log_scale_res_net_41
	 conv2d_123 		 kernel (3, 3, 8, 128) | bias (128,) 		 9344
	 batch_normalization_82 		 gamma (128,) | beta (128,) 		 256
	 conv2d_124 		 kernel (1, 1, 128, 128) | bias (128,) 		 16512
	 batch_normalization_83 		 gamma (128,) | beta (128,) 		 256
	 conv2d_125 		 kernel (3, 3, 128, 16) | bias (16,) 		 18448
____________________________________________________________________________________________________
glowBlock2/glowStep9
	 inv1x1conv 		 L (8, 8) | log_S (8,) | U (8, 8) 		 136
____________________________________________________________________________________________________
glowBlock2/glowStep10
	 ActNorm 		 scale (8,) | shift (8,) 		 16
____________________________________________________________________________________________________
forward/shift_and_log_scale_res_net_42
	 conv2d_126 		 kernel (3, 3, 8, 128) | bias (128,) 		 9344
	 batch_normalization_84 		 gamma (128,) | beta (128,) 		 256
	 conv2d_127 		 kernel (1, 1, 128, 128) | bias (128,) 		 16512
	 batch_normalization_85 		 gamma (128,) | beta (128,) 		 256
	 conv2d_128 		 kernel (3, 3, 128, 16) | bias (16,) 		 18448
____________________________________________________________________________________________________
glowBlock2/glowStep10
	 inv1x1conv 		 L (8, 8) | log_S (8,) | U (8, 8) 		 136
____________________________________________________________________________________________________
glowBlock2/glowStep11
	 ActNorm 		 scale (8,) | shift (8,) 		 16
____________________________________________________________________________________________________
forward/shift_and_log_scale_res_net_43
	 conv2d_129 		 kernel (3, 3, 8, 128) | bias (128,) 		 9344
	 batch_normalization_86 		 gamma (128,) | beta (128,) 		 256
	 conv2d_130 		 kernel (1, 1, 128, 128) | bias (128,) 		 16512
	 batch_normalization_87 		 gamma (128,) | beta (128,) 		 256
	 conv2d_131 		 kernel (3, 3, 128, 16) | bias (16,) 		 18448
____________________________________________________________________________________________________
glowBlock2/glowStep11
	 inv1x1conv 		 L (8, 8) | log_S (8,) | U (8, 8) 		 136
____________________________________________________________________________________________________
glowBlock2/glowStep12
	 ActNorm 		 scale (8,) | shift (8,) 		 16
____________________________________________________________________________________________________
forward/shift_and_log_scale_res_net_44
	 conv2d_132 		 kernel (3, 3, 8, 128) | bias (128,) 		 9344
	 batch_normalization_88 		 gamma (128,) | beta (128,) 		 256
	 conv2d_133 		 kernel (1, 1, 128, 128) | bias (128,) 		 16512
	 batch_normalization_89 		 gamma (128,) | beta (128,) 		 256
	 conv2d_134 		 kernel (3, 3, 128, 16) | bias (16,) 		 18448
____________________________________________________________________________________________________
glowBlock2/glowStep12
	 inv1x1conv 		 L (8, 8) | log_S (8,) | U (8, 8) 		 136
____________________________________________________________________________________________________
glowBlock2/glowStep13
	 ActNorm 		 scale (8,) | shift (8,) 		 16
____________________________________________________________________________________________________
forward/shift_and_log_scale_res_net_45
	 conv2d_135 		 kernel (3, 3, 8, 128) | bias (128,) 		 9344
	 batch_normalization_90 		 gamma (128,) | beta (128,) 		 256
	 conv2d_136 		 kernel (1, 1, 128, 128) | bias (128,) 		 16512
	 batch_normalization_91 		 gamma (128,) | beta (128,) 		 256
	 conv2d_137 		 kernel (3, 3, 128, 16) | bias (16,) 		 18448
____________________________________________________________________________________________________
glowBlock2/glowStep13
	 inv1x1conv 		 L (8, 8) | log_S (8,) | U (8, 8) 		 136
____________________________________________________________________________________________________
glowBlock2/glowStep14
	 ActNorm 		 scale (8,) | shift (8,) 		 16
____________________________________________________________________________________________________
forward/shift_and_log_scale_res_net_46
	 conv2d_138 		 kernel (3, 3, 8, 128) | bias (128,) 		 9344
	 batch_normalization_92 		 gamma (128,) | beta (128,) 		 256
	 conv2d_139 		 kernel (1, 1, 128, 128) | bias (128,) 		 16512
	 batch_normalization_93 		 gamma (128,) | beta (128,) 		 256
	 conv2d_140 		 kernel (3, 3, 128, 16) | bias (16,) 		 18448
____________________________________________________________________________________________________
glowBlock2/glowStep14
	 inv1x1conv 		 L (8, 8) | log_S (8,) | U (8, 8) 		 136
____________________________________________________________________________________________________
glowBlock2/glowStep15
	 ActNorm 		 scale (8,) | shift (8,) 		 16
____________________________________________________________________________________________________
forward/shift_and_log_scale_res_net_47
	 conv2d_141 		 kernel (3, 3, 8, 128) | bias (128,) 		 9344
	 batch_normalization_94 		 gamma (128,) | beta (128,) 		 256
	 conv2d_142 		 kernel (1, 1, 128, 128) | bias (128,) 		 16512
	 batch_normalization_95 		 gamma (128,) | beta (128,) 		 256
	 conv2d_143 		 kernel (3, 3, 128, 16) | bias (16,) 		 18448
____________________________________________________________________________________________________
glowBlock2/glowStep15
	 inv1x1conv 		 L (8, 8) | log_S (8,) | U (8, 8) 		 136
____________________________________________________________________________________________________
glowBlock2/glowStep16
	 ActNorm 		 scale (8,) | shift (8,) 		 16
____________________________________________________________________________________________________
forward/shift_and_log_scale_res_net_48
	 conv2d_144 		 kernel (3, 3, 8, 128) | bias (128,) 		 9344
	 batch_normalization_96 		 gamma (128,) | beta (128,) 		 256
	 conv2d_145 		 kernel (1, 1, 128, 128) | bias (128,) 		 16512
	 batch_normalization_97 		 gamma (128,) | beta (128,) 		 256
	 conv2d_146 		 kernel (3, 3, 128, 16) | bias (16,) 		 18448
____________________________________________________________________________________________________
glowBlock2/glowStep16
	 inv1x1conv 		 L (8, 8) | log_S (8,) | U (8, 8) 		 136
____________________________________________________________________________________________________
glowBlock2/glowStep17
	 ActNorm 		 scale (8,) | shift (8,) 		 16
____________________________________________________________________________________________________
forward/shift_and_log_scale_res_net_49
	 conv2d_147 		 kernel (3, 3, 8, 128) | bias (128,) 		 9344
	 batch_normalization_98 		 gamma (128,) | beta (128,) 		 256
	 conv2d_148 		 kernel (1, 1, 128, 128) | bias (128,) 		 16512
	 batch_normalization_99 		 gamma (128,) | beta (128,) 		 256
	 conv2d_149 		 kernel (3, 3, 128, 16) | bias (16,) 		 18448
____________________________________________________________________________________________________
glowBlock2/glowStep17
	 inv1x1conv 		 L (8, 8) | log_S (8,) | U (8, 8) 		 136
____________________________________________________________________________________________________
glowBlock2/glowStep18
	 ActNorm 		 scale (8,) | shift (8,) 		 16
____________________________________________________________________________________________________
forward/shift_and_log_scale_res_net_50
	 conv2d_150 		 kernel (3, 3, 8, 128) | bias (128,) 		 9344
	 batch_normalization_100 		 gamma (128,) | beta (128,) 		 256
	 conv2d_151 		 kernel (1, 1, 128, 128) | bias (128,) 		 16512
	 batch_normalization_101 		 gamma (128,) | beta (128,) 		 256
	 conv2d_152 		 kernel (3, 3, 128, 16) | bias (16,) 		 18448
____________________________________________________________________________________________________
glowBlock2/glowStep18
	 inv1x1conv 		 L (8, 8) | log_S (8,) | U (8, 8) 		 136
____________________________________________________________________________________________________
glowBlock2/glowStep19
	 ActNorm 		 scale (8,) | shift (8,) 		 16
____________________________________________________________________________________________________
forward/shift_and_log_scale_res_net_51
	 conv2d_153 		 kernel (3, 3, 8, 128) | bias (128,) 		 9344
	 batch_normalization_102 		 gamma (128,) | beta (128,) 		 256
	 conv2d_154 		 kernel (1, 1, 128, 128) | bias (128,) 		 16512
	 batch_normalization_103 		 gamma (128,) | beta (128,) 		 256
	 conv2d_155 		 kernel (3, 3, 128, 16) | bias (16,) 		 18448
____________________________________________________________________________________________________
glowBlock2/glowStep19
	 inv1x1conv 		 L (8, 8) | log_S (8,) | U (8, 8) 		 136
____________________________________________________________________________________________________
glowBlock2/glowStep20
	 ActNorm 		 scale (8,) | shift (8,) 		 16
____________________________________________________________________________________________________
forward/shift_and_log_scale_res_net_52
	 conv2d_156 		 kernel (3, 3, 8, 128) | bias (128,) 		 9344
	 batch_normalization_104 		 gamma (128,) | beta (128,) 		 256
	 conv2d_157 		 kernel (1, 1, 128, 128) | bias (128,) 		 16512
	 batch_normalization_105 		 gamma (128,) | beta (128,) 		 256
	 conv2d_158 		 kernel (3, 3, 128, 16) | bias (16,) 		 18448
____________________________________________________________________________________________________
glowBlock2/glowStep20
	 inv1x1conv 		 L (8, 8) | log_S (8,) | U (8, 8) 		 136
____________________________________________________________________________________________________
glowBlock2/glowStep21
	 ActNorm 		 scale (8,) | shift (8,) 		 16
____________________________________________________________________________________________________
forward/shift_and_log_scale_res_net_53
	 conv2d_159 		 kernel (3, 3, 8, 128) | bias (128,) 		 9344
	 batch_normalization_106 		 gamma (128,) | beta (128,) 		 256
	 conv2d_160 		 kernel (1, 1, 128, 128) | bias (128,) 		 16512
	 batch_normalization_107 		 gamma (128,) | beta (128,) 		 256
	 conv2d_161 		 kernel (3, 3, 128, 16) | bias (16,) 		 18448
____________________________________________________________________________________________________
glowBlock2/glowStep21
	 inv1x1conv 		 L (8, 8) | log_S (8,) | U (8, 8) 		 136
____________________________________________________________________________________________________
glowBlock2/glowStep22
	 ActNorm 		 scale (8,) | shift (8,) 		 16
____________________________________________________________________________________________________
forward/shift_and_log_scale_res_net_54
	 conv2d_162 		 kernel (3, 3, 8, 128) | bias (128,) 		 9344
	 batch_normalization_108 		 gamma (128,) | beta (128,) 		 256
	 conv2d_163 		 kernel (1, 1, 128, 128) | bias (128,) 		 16512
	 batch_normalization_109 		 gamma (128,) | beta (128,) 		 256
	 conv2d_164 		 kernel (3, 3, 128, 16) | bias (16,) 		 18448
____________________________________________________________________________________________________
glowBlock2/glowStep22
	 inv1x1conv 		 L (8, 8) | log_S (8,) | U (8, 8) 		 136
____________________________________________________________________________________________________
glowBlock2/glowStep23
	 ActNorm 		 scale (8,) | shift (8,) 		 16
____________________________________________________________________________________________________
forward/shift_and_log_scale_res_net_55
	 conv2d_165 		 kernel (3, 3, 8, 128) | bias (128,) 		 9344
	 batch_normalization_110 		 gamma (128,) | beta (128,) 		 256
	 conv2d_166 		 kernel (1, 1, 128, 128) | bias (128,) 		 16512
	 batch_normalization_111 		 gamma (128,) | beta (128,) 		 256
	 conv2d_167 		 kernel (3, 3, 128, 16) | bias (16,) 		 18448
____________________________________________________________________________________________________
glowBlock2/glowStep23
	 inv1x1conv 		 L (8, 8) | log_S (8,) | U (8, 8) 		 136
____________________________________________________________________________________________________
glowBlock2/glowStep24
	 ActNorm 		 scale (8,) | shift (8,) 		 16
____________________________________________________________________________________________________
forward/shift_and_log_scale_res_net_56
	 conv2d_168 		 kernel (3, 3, 8, 128) | bias (128,) 		 9344
	 batch_normalization_112 		 gamma (128,) | beta (128,) 		 256
	 conv2d_169 		 kernel (1, 1, 128, 128) | bias (128,) 		 16512
	 batch_normalization_113 		 gamma (128,) | beta (128,) 		 256
	 conv2d_170 		 kernel (3, 3, 128, 16) | bias (16,) 		 18448
____________________________________________________________________________________________________
glowBlock2/glowStep24
	 inv1x1conv 		 L (8, 8) | log_S (8,) | U (8, 8) 		 136
____________________________________________________________________________________________________
glowBlock2/glowStep25
	 ActNorm 		 scale (8,) | shift (8,) 		 16
____________________________________________________________________________________________________
forward/shift_and_log_scale_res_net_57
	 conv2d_171 		 kernel (3, 3, 8, 128) | bias (128,) 		 9344
	 batch_normalization_114 		 gamma (128,) | beta (128,) 		 256
	 conv2d_172 		 kernel (1, 1, 128, 128) | bias (128,) 		 16512
	 batch_normalization_115 		 gamma (128,) | beta (128,) 		 256
	 conv2d_173 		 kernel (3, 3, 128, 16) | bias (16,) 		 18448
____________________________________________________________________________________________________
glowBlock2/glowStep25
	 inv1x1conv 		 L (8, 8) | log_S (8,) | U (8, 8) 		 136
____________________________________________________________________________________________________
glowBlock2/glowStep26
	 ActNorm 		 scale (8,) | shift (8,) 		 16
____________________________________________________________________________________________________
forward/shift_and_log_scale_res_net_58
	 conv2d_174 		 kernel (3, 3, 8, 128) | bias (128,) 		 9344
	 batch_normalization_116 		 gamma (128,) | beta (128,) 		 256
	 conv2d_175 		 kernel (1, 1, 128, 128) | bias (128,) 		 16512
	 batch_normalization_117 		 gamma (128,) | beta (128,) 		 256
	 conv2d_176 		 kernel (3, 3, 128, 16) | bias (16,) 		 18448
____________________________________________________________________________________________________
glowBlock2/glowStep26
	 inv1x1conv 		 L (8, 8) | log_S (8,) | U (8, 8) 		 136
____________________________________________________________________________________________________
glowBlock2/glowStep27
	 ActNorm 		 scale (8,) | shift (8,) 		 16
____________________________________________________________________________________________________
forward/shift_and_log_scale_res_net_59
	 conv2d_177 		 kernel (3, 3, 8, 128) | bias (128,) 		 9344
	 batch_normalization_118 		 gamma (128,) | beta (128,) 		 256
	 conv2d_178 		 kernel (1, 1, 128, 128) | bias (128,) 		 16512
	 batch_normalization_119 		 gamma (128,) | beta (128,) 		 256
	 conv2d_179 		 kernel (3, 3, 128, 16) | bias (16,) 		 18448
____________________________________________________________________________________________________
glowBlock2/glowStep27
	 inv1x1conv 		 L (8, 8) | log_S (8,) | U (8, 8) 		 136
____________________________________________________________________________________________________
glowBlock2/glowStep28
	 ActNorm 		 scale (8,) | shift (8,) 		 16
____________________________________________________________________________________________________
forward/shift_and_log_scale_res_net_60
	 conv2d_180 		 kernel (3, 3, 8, 128) | bias (128,) 		 9344
	 batch_normalization_120 		 gamma (128,) | beta (128,) 		 256
	 conv2d_181 		 kernel (1, 1, 128, 128) | bias (128,) 		 16512
	 batch_normalization_121 		 gamma (128,) | beta (128,) 		 256
	 conv2d_182 		 kernel (3, 3, 128, 16) | bias (16,) 		 18448
____________________________________________________________________________________________________
glowBlock2/glowStep28
	 inv1x1conv 		 L (8, 8) | log_S (8,) | U (8, 8) 		 136
____________________________________________________________________________________________________
glowBlock2/glowStep29
	 ActNorm 		 scale (8,) | shift (8,) 		 16
____________________________________________________________________________________________________
forward/shift_and_log_scale_res_net_61
	 conv2d_183 		 kernel (3, 3, 8, 128) | bias (128,) 		 9344
	 batch_normalization_122 		 gamma (128,) | beta (128,) 		 256
	 conv2d_184 		 kernel (1, 1, 128, 128) | bias (128,) 		 16512
	 batch_normalization_123 		 gamma (128,) | beta (128,) 		 256
	 conv2d_185 		 kernel (3, 3, 128, 16) | bias (16,) 		 18448
____________________________________________________________________________________________________
glowBlock2/glowStep29
	 inv1x1conv 		 L (8, 8) | log_S (8,) | U (8, 8) 		 136
____________________________________________________________________________________________________
glowBlock2/glowStep30
	 ActNorm 		 scale (8,) | shift (8,) 		 16
____________________________________________________________________________________________________
forward/shift_and_log_scale_res_net_62
	 conv2d_186 		 kernel (3, 3, 8, 128) | bias (128,) 		 9344
	 batch_normalization_124 		 gamma (128,) | beta (128,) 		 256
	 conv2d_187 		 kernel (1, 1, 128, 128) | bias (128,) 		 16512
	 batch_normalization_125 		 gamma (128,) | beta (128,) 		 256
	 conv2d_188 		 kernel (3, 3, 128, 16) | bias (16,) 		 18448
____________________________________________________________________________________________________
glowBlock2/glowStep30
	 inv1x1conv 		 L (8, 8) | log_S (8,) | U (8, 8) 		 136
____________________________________________________________________________________________________
glowBlock2/glowStep31
	 ActNorm 		 scale (8,) | shift (8,) 		 16
____________________________________________________________________________________________________
forward/shift_and_log_scale_res_net_63
	 conv2d_189 		 kernel (3, 3, 8, 128) | bias (128,) 		 9344
	 batch_normalization_126 		 gamma (128,) | beta (128,) 		 256
	 conv2d_190 		 kernel (1, 1, 128, 128) | bias (128,) 		 16512
	 batch_normalization_127 		 gamma (128,) | beta (128,) 		 256
	 conv2d_191 		 kernel (3, 3, 128, 16) | bias (16,) 		 18448
____________________________________________________________________________________________________
glowBlock2/glowStep31
	 inv1x1conv 		 L (8, 8) | log_S (8,) | U (8, 8) 		 136
====================================================================================================
Total Trainable Variables:  2431872
Start Training on 200 epochs
Epoch 000: Loss: 35013080907776.000
Model's variables saved.
Epoch 002: Loss: 121323336.000
Model's variables saved.
Epoch 004: Loss: 63771236.000
Model's variables saved.
Epoch 006: Loss: 46887088.000
Model's variables saved.
Epoch 008: Loss: 31058864.000
Model's variables saved.
Epoch 010: Loss: 20172180.000
Model's variables saved.
Epoch 012: Loss: 13334472.000
Model's variables saved.
Epoch 014: Loss: 9066845.000
Model's variables saved.
Epoch 016: Loss: 5949336.500
Model's variables saved.
Epoch 018: Loss: 3601720.000
Model's variables saved.
Epoch 020: Loss: 1672431.125
Model's variables saved.
Epoch 022: Loss: 691801.875
Model's variables saved.
Epoch 024: Loss: 322519.969
Model's variables saved.
Epoch 026: Loss: 174153.875
Model's variables saved.
Epoch 028: Loss: 102380.219
Model's variables saved.
Epoch 030: Loss: 62986.242
Model's variables saved.
Epoch 032: Loss: 40239.594
Model's variables saved.
Epoch 034: Loss: 26123.248
Model's variables saved.
Epoch 036: Loss: 17195.920
Model's variables saved.
Epoch 038: Loss: 12309.665
Model's variables saved.
Epoch 040: Loss: 9095.500
Model's variables saved.
Epoch 042: Loss: 6754.826
Model's variables saved.
Epoch 044: Loss: 5236.310
Model's variables saved.
Epoch 046: Loss: 4210.174
Model's variables saved.
Epoch 048: Loss: 3442.527
Model's variables saved.
Epoch 050: Loss: 2903.380
Model's variables saved.
Epoch 052: Loss: 2600.364
Model's variables saved.
Epoch 054: Loss: 2386.331
Model's variables saved.
Epoch 056: Loss: 2207.291
Model's variables saved.
Epoch 058: Loss: 2046.142
Model's variables saved.
Epoch 060: Loss: 1870.533
Model's variables saved.
Epoch 062: Loss: 1676.317
Model's variables saved.
Epoch 064: Loss: 1375.327
Model's variables saved.
Epoch 066: Loss: 905.619
Model's variables saved.
Epoch 068: Loss: 517.094
Model's variables saved.
Epoch 070: Loss: 202.234
Model's variables saved.
Epoch 072: Loss: -57.659
Model's variables saved.
Epoch 074: Loss: -218.476
Model's variables saved.
Epoch 076: Loss: -360.140
Model's variables saved.
Epoch 078: Loss: -468.925
Model's variables saved.
Epoch 080: Loss: -576.196
Model's variables saved.
Epoch 082: Loss: -708.439
Model's variables saved.
Epoch 084: Loss: -884.690
Model's variables saved.
Epoch 086: Loss: -1101.154
Model's variables saved.
Epoch 088: Loss: -1200.841
Model's variables saved.
Epoch 090: Loss: -1324.529
Model's variables saved.
Epoch 092: Loss: -1421.632
Model's variables saved.
Epoch 094: Loss: -1506.796
Model's variables saved.
Epoch 096: Loss: -1587.552
Model's variables saved.
Epoch 098: Loss: -1671.228
Model's variables saved.
Epoch 100: Loss: -1768.398
Model's variables saved.
Epoch 102: Loss: -1990.958
Model's variables saved.
Epoch 104: Loss: -2143.892
Model's variables saved.
Epoch 106: Loss: -1999.773
Model's variables saved.
Epoch 108: Loss: -2251.625
Model's variables saved.
Epoch 110: Loss: -2068.453
Model's variables saved.
Epoch 112: Loss: -2489.131
Model's variables saved.
Epoch 114: Loss: -2618.465
Model's variables saved.
Epoch 116: Loss: -2840.340
Model's variables saved.
Epoch 118: Loss: -2615.072
Model's variables saved.
Epoch 120: Loss: -3061.115
Model's variables saved.
Epoch 122: Loss: -3346.656
Model's variables saved.
Epoch 124: Loss: -3512.615
Model's variables saved.
Epoch 126: Loss: -3754.854
Model's variables saved.
Epoch 128: Loss: -3921.562
Model's variables saved.
Epoch 130: Loss: -3916.737
Model's variables saved.
Epoch 132: Loss: -4287.707
Model's variables saved.
Epoch 134: Loss: -4405.721
Model's variables saved.
Epoch 136: Loss: -4761.144
Model's variables saved.
Epoch 138: Loss: -4622.607
Model's variables saved.
Epoch 140: Loss: -5250.896
Model's variables saved.
Epoch 142: Loss: -5324.445
Model's variables saved.
Epoch 144: Loss: -5503.836
Model's variables saved.
Epoch 146: Loss: -5781.150
Model's variables saved.
Epoch 148: Loss: -5839.521
Model's variables saved.
Epoch 150: Loss: -5970.281
Model's variables saved.
Epoch 152: Loss: -6133.216
Model's variables saved.
Epoch 154: Loss: -5824.789
Model's variables saved.
Epoch 156: Loss: -6081.494
Model's variables saved.
Epoch 158: Loss: -6296.657
Model's variables saved.
Epoch 160: Loss: -6384.345
Model's variables saved.
Epoch 162: Loss: -5734.571
Model's variables saved.
Epoch 164: Loss: -6121.963
Model's variables saved.
Epoch 166: Loss: -6244.382
Model's variables saved.
Epoch 168: Loss: -6389.641
Model's variables saved.
Epoch 170: Loss: -6414.257
Model's variables saved.
Epoch 172: Loss: -6422.363
Model's variables saved.
Epoch 174: Loss: -6537.793
Model's variables saved.
Epoch 176: Loss: -6615.794
Model's variables saved.
Epoch 178: Loss: -6458.860
Model's variables saved.
Epoch 180: Loss: -6593.046
Model's variables saved.
Epoch 182: Loss: -6404.931
Model's variables saved.
Epoch 184: Loss: -6636.826
Model's variables saved.
Epoch 186: Loss: -6677.785
Model's variables saved.
Epoch 188: Loss: -6530.409
Model's variables saved.
Epoch 190: Loss: -6781.562
Model's variables saved.
Epoch 192: Loss: -6799.298
Model's variables saved.
Epoch 194: Loss: -6907.304
Model's variables saved.
Epoch 196: Loss: -6877.775
Model's variables saved.
Epoch 198: Loss: -6848.761
Model's variables saved.
Model's variables saved.
Training time:  27213.54  seconds
loss history saved
9 samples saved
