TensorFlow version: 2.2.0
Eager execution: True
Number of devices: 4
Glow Bijector 2 Blocks: 
	 K = 24 
	 ShiftAndLogScaleResNet 
	 n_filters = 256 
	 batch size = 256
flow sample shape:  (1, 28, 28, 1)
Total Trainable Variables:  5215392
Start Training on 500 epochs
Epoch 000: Train Loss: -1389.835 Val Loss: -2197.236572
Model Saved at ./tf_ckpts/ckpt-1
Epoch 005: Train Loss: -3562.494 Val Loss: -3707.350098
Model Saved at ./tf_ckpts/ckpt-2
Epoch 010: Train Loss: -4739.743 Val Loss: -4511.721680
Model Saved at ./tf_ckpts/ckpt-3
Epoch 015: Train Loss: -4637.905 Val Loss: -4497.359375
Epoch 020: Train Loss: -5386.804 Val Loss: -5548.112793
Model Saved at ./tf_ckpts/ckpt-4
Epoch 025: Train Loss: -5582.780 Val Loss: -5454.086914
Epoch 030: Train Loss: -5785.575 Val Loss: -5870.959961
Model Saved at ./tf_ckpts/ckpt-5
Epoch 035: Train Loss: -5909.423 Val Loss: -6060.206055
Model Saved at ./tf_ckpts/ckpt-6
Epoch 040: Train Loss: -6063.269 Val Loss: -5956.577637
Epoch 045: Train Loss: -5997.928 Val Loss: -6257.913086
Model Saved at ./tf_ckpts/ckpt-7
Epoch 050: Train Loss: -6085.041 Val Loss: -6271.359375
Model Saved at ./tf_ckpts/ckpt-8
Epoch 055: Train Loss: -6330.445 Val Loss: -6126.394531
Epoch 060: Train Loss: -6379.585 Val Loss: -6209.701172
Epoch 065: Train Loss: -6414.463 Val Loss: -6414.538086
Model Saved at ./tf_ckpts/ckpt-9
Epoch 070: Train Loss: -6422.054 Val Loss: -6432.354980
Model Saved at ./tf_ckpts/ckpt-10
Epoch 075: Train Loss: -6446.870 Val Loss: -6107.870117
Epoch 080: Train Loss: -6476.420 Val Loss: -6447.122070
Model Saved at ./tf_ckpts/ckpt-11
Epoch 085: Train Loss: -6457.600 Val Loss: -6364.589844
Epoch 090: Train Loss: -6522.157 Val Loss: -6459.641602
Model Saved at ./tf_ckpts/ckpt-12
Epoch 095: Train Loss: -6534.262 Val Loss: -6468.547852
Model Saved at ./tf_ckpts/ckpt-13
Epoch 100: Train Loss: -6521.939 Val Loss: -6487.672852
Model Saved at ./tf_ckpts/ckpt-14
Epoch 105: Train Loss: -6563.502 Val Loss: -6532.583008
Model Saved at ./tf_ckpts/ckpt-15
Epoch 110: Train Loss: -6571.431 Val Loss: -6517.805664
Epoch 115: Train Loss: -6582.499 Val Loss: -6551.384766
Model Saved at ./tf_ckpts/ckpt-16
Epoch 120: Train Loss: -6558.893 Val Loss: -6555.897461
Model Saved at ./tf_ckpts/ckpt-17
Epoch 125: Train Loss: -6080.380 Val Loss: -6240.682129
Epoch 130: Train Loss: -6504.605 Val Loss: -6502.007812
Epoch 135: Train Loss: -6440.557 Val Loss: -6397.913574
Epoch 140: Train Loss: -6572.504 Val Loss: -6545.772461
Epoch 145: Train Loss: -6581.489 Val Loss: -6598.815918
Model Saved at ./tf_ckpts/ckpt-18
Epoch 150: Train Loss: -6586.814 Val Loss: -6593.293945
Epoch 155: Train Loss: -6596.054 Val Loss: -6535.385254
Epoch 160: Train Loss: -6610.261 Val Loss: -6649.789062
Model Saved at ./tf_ckpts/ckpt-19
Epoch 165: Train Loss: -6559.007 Val Loss: -6517.509766
Epoch 170: Train Loss: -6600.040 Val Loss: -6621.403320
Epoch 175: Train Loss: -6568.875 Val Loss: -6578.074219
Huge gap in the loss
Model weights saved at ./tf_ckpts_issues/ckpt-20
Epoch 180: Train Loss: 8936.918 Val Loss: 6012.330078
Epoch 185: Train Loss: 2422.455 Val Loss: 2349.863281
Epoch 190: Train Loss: 1039.318 Val Loss: 956.659790
Epoch 195: Train Loss: 408.638 Val Loss: 436.773499
Epoch 200: Train Loss: 70.602 Val Loss: 5.090569
Epoch 205: Train Loss: -631.500 Val Loss: -707.786072
Epoch 210: Train Loss: -1021.984 Val Loss: -951.100281
Epoch 215: Train Loss: -1856.733 Val Loss: -1917.420410
Epoch 220: Train Loss: -2514.422 Val Loss: -2617.764648
Epoch 225: Train Loss: -3639.689 Val Loss: -3728.934082
Epoch 230: Train Loss: -4062.588 Val Loss: -4119.998047
Epoch 235: Train Loss: -4120.346 Val Loss: -4124.320801
Epoch 240: Train Loss: -4402.750 Val Loss: -4416.102539
Epoch 245: Train Loss: -4535.481 Val Loss: -4263.460938
Epoch 250: Train Loss: -4714.503 Val Loss: -4779.788574
Epoch 255: Train Loss: -4869.167 Val Loss: -4869.607422
Epoch 260: Train Loss: -5035.970 Val Loss: -4816.258789
Epoch 265: Train Loss: -5090.454 Val Loss: -4948.763672
Epoch 270: Train Loss: -5234.292 Val Loss: -5262.670898
Epoch 275: Train Loss: -5341.179 Val Loss: -5521.987305
Huge gap in the loss
Model weights saved at ./tf_ckpts_issues/ckpt-21
Epoch 280: Train Loss: 239962.141 Val Loss: 7546.344727
Epoch 285: Train Loss: -2334.554 Val Loss: -2354.872070
Epoch 290: Train Loss: -2852.507 Val Loss: -2888.892578
Epoch 295: Train Loss: -3166.639 Val Loss: -3194.234375
Epoch 300: Train Loss: -3539.428 Val Loss: -3551.610840
Epoch 305: Train Loss: -3763.597 Val Loss: -3432.585449
Epoch 310: Train Loss: -4126.459 Val Loss: -4237.560059
Epoch 315: Train Loss: -4364.854 Val Loss: -4499.824219
Epoch 320: Train Loss: -4616.465 Val Loss: -4445.612305
Epoch 325: Train Loss: -4781.591 Val Loss: -4947.858398
Epoch 330: Train Loss: -5016.250 Val Loss: -4309.204590
Huge gap in the loss
Model weights saved at ./tf_ckpts_issues/ckpt-22
Huge gap in the loss
Model weights saved at ./tf_ckpts_issues/ckpt-23
Huge gap in the loss
Model weights saved at ./tf_ckpts_issues/ckpt-24
Huge gap in the loss
Model weights saved at ./tf_ckpts_issues/ckpt-25
Huge gap in the loss
Model weights saved at ./tf_ckpts_issues/ckpt-26
Huge gap in the loss
Model weights saved at ./tf_ckpts_issues/ckpt-27
Huge gap in the loss
Model weights saved at ./tf_ckpts_issues/ckpt-28
Huge gap in the loss
Model weights saved at ./tf_ckpts_issues/ckpt-29
Huge gap in the loss
Model weights saved at ./tf_ckpts_issues/ckpt-30
Huge gap in the loss
Model weights saved at ./tf_ckpts_issues/ckpt-31
Huge gap in the loss
Model weights saved at ./tf_ckpts_issues/ckpt-32
Huge gap in the loss
Model weights saved at ./tf_ckpts_issues/ckpt-33
Huge gap in the loss
Model weights saved at ./tf_ckpts_issues/ckpt-34
Epoch 335: Train Loss: 43042028.000 Val Loss: 47154104.000000
Huge gap in the loss
Model weights saved at ./tf_ckpts_issues/ckpt-35
Huge gap in the loss
Model weights saved at ./tf_ckpts_issues/ckpt-36
Epoch 340: Train Loss: 1158487.500 Val Loss: 1003942.500000
Huge gap in the loss
Model weights saved at ./tf_ckpts_issues/ckpt-37
Epoch 345: Train Loss: 406127.344 Val Loss: 271913.062500
Epoch 350: Train Loss: 39633.578 Val Loss: 31878.250000
Epoch 355: Train Loss: 18054.143 Val Loss: 18005.023438
Huge gap in the loss
Model weights saved at ./tf_ckpts_issues/ckpt-38
Epoch 360: Train Loss: 508673.812 Val Loss: 270657.000000
Epoch 365: Train Loss: 35799.281 Val Loss: 34701.855469
Epoch 370: Train Loss: 22013.734 Val Loss: 21630.750000
Huge gap in the loss
Model weights saved at ./tf_ckpts_issues/ckpt-39
Huge gap in the loss
Model weights saved at ./tf_ckpts_issues/ckpt-40
Epoch 375: Train Loss: 178995.062 Val Loss: 159019.531250
Epoch 380: Train Loss: 69345.672 Val Loss: 66238.609375
Epoch 385: Train Loss: 40748.711 Val Loss: 40259.953125
Epoch 390: Train Loss: 17096.361 Val Loss: 16460.205078
Epoch 395: Train Loss: 13344.271 Val Loss: 13165.802734
Epoch 400: Train Loss: 11539.917 Val Loss: 11461.822266
Epoch 405: Train Loss: 9015.496 Val Loss: 8895.280273
Epoch 410: Train Loss: 7799.975 Val Loss: 7763.472656
Epoch 415: Train Loss: 4404.207 Val Loss: 4208.262207
Huge gap in the loss
Model weights saved at ./tf_ckpts_issues/ckpt-41
Nan Loss
Epoch 420: Train Loss: nan Val Loss: nan
