TensorFlow version: 2.2.0
Eager execution: True
Glow Bijector 2 Blocks: K = 24 ; ShiftAndLogScaleResNet; n_filters = 128
flow sample shape:  (1, 28, 28, 1)
____________________________________________________________________________________________________
Network 	 Layer 	 Shape 						 #parameters
====================================================================================================
glowBlock1/glowStep0
	 ActNorm 		 scale (4,) | shift (4,) 		 8
____________________________________________________________________________________________________
forward/shift_and_log_scale_res_net
	 conv2d 		 kernel (3, 3, 4, 128) | bias (128,) 		 4736
	 batch_normalization 		 gamma (128,) | beta (128,) 		 256
	 conv2d_1 		 kernel (1, 1, 128, 128) | bias (128,) 		 16512
	 batch_normalization_1 		 gamma (128,) | beta (128,) 		 256
	 conv2d_2 		 kernel (3, 3, 128, 8) | bias (8,) 		 9224
____________________________________________________________________________________________________
glowBlock1/glowStep0
	 inv1x1conv 		 L (4, 4) | log_S (4,) | U (4, 4) 		 36
____________________________________________________________________________________________________
glowBlock1/glowStep1
	 ActNorm 		 scale (4,) | shift (4,) 		 8
____________________________________________________________________________________________________
forward/shift_and_log_scale_res_net_1
	 conv2d_3 		 kernel (3, 3, 4, 128) | bias (128,) 		 4736
	 batch_normalization_2 		 gamma (128,) | beta (128,) 		 256
	 conv2d_4 		 kernel (1, 1, 128, 128) | bias (128,) 		 16512
	 batch_normalization_3 		 gamma (128,) | beta (128,) 		 256
	 conv2d_5 		 kernel (3, 3, 128, 8) | bias (8,) 		 9224
____________________________________________________________________________________________________
glowBlock1/glowStep1
	 inv1x1conv 		 L (4, 4) | log_S (4,) | U (4, 4) 		 36
____________________________________________________________________________________________________
glowBlock1/glowStep2
	 ActNorm 		 scale (4,) | shift (4,) 		 8
____________________________________________________________________________________________________
forward/shift_and_log_scale_res_net_2
	 conv2d_6 		 kernel (3, 3, 4, 128) | bias (128,) 		 4736
	 batch_normalization_4 		 gamma (128,) | beta (128,) 		 256
	 conv2d_7 		 kernel (1, 1, 128, 128) | bias (128,) 		 16512
	 batch_normalization_5 		 gamma (128,) | beta (128,) 		 256
	 conv2d_8 		 kernel (3, 3, 128, 8) | bias (8,) 		 9224
____________________________________________________________________________________________________
glowBlock1/glowStep2
	 inv1x1conv 		 L (4, 4) | log_S (4,) | U (4, 4) 		 36
____________________________________________________________________________________________________
glowBlock1/glowStep3
	 ActNorm 		 scale (4,) | shift (4,) 		 8
____________________________________________________________________________________________________
forward/shift_and_log_scale_res_net_3
	 conv2d_9 		 kernel (3, 3, 4, 128) | bias (128,) 		 4736
	 batch_normalization_6 		 gamma (128,) | beta (128,) 		 256
	 conv2d_10 		 kernel (1, 1, 128, 128) | bias (128,) 		 16512
	 batch_normalization_7 		 gamma (128,) | beta (128,) 		 256
	 conv2d_11 		 kernel (3, 3, 128, 8) | bias (8,) 		 9224
____________________________________________________________________________________________________
glowBlock1/glowStep3
	 inv1x1conv 		 L (4, 4) | log_S (4,) | U (4, 4) 		 36
____________________________________________________________________________________________________
glowBlock1/glowStep4
	 ActNorm 		 scale (4,) | shift (4,) 		 8
____________________________________________________________________________________________________
forward/shift_and_log_scale_res_net_4
	 conv2d_12 		 kernel (3, 3, 4, 128) | bias (128,) 		 4736
	 batch_normalization_8 		 gamma (128,) | beta (128,) 		 256
	 conv2d_13 		 kernel (1, 1, 128, 128) | bias (128,) 		 16512
	 batch_normalization_9 		 gamma (128,) | beta (128,) 		 256
	 conv2d_14 		 kernel (3, 3, 128, 8) | bias (8,) 		 9224
____________________________________________________________________________________________________
glowBlock1/glowStep4
	 inv1x1conv 		 L (4, 4) | log_S (4,) | U (4, 4) 		 36
____________________________________________________________________________________________________
glowBlock1/glowStep5
	 ActNorm 		 scale (4,) | shift (4,) 		 8
____________________________________________________________________________________________________
forward/shift_and_log_scale_res_net_5
	 conv2d_15 		 kernel (3, 3, 4, 128) | bias (128,) 		 4736
	 batch_normalization_10 		 gamma (128,) | beta (128,) 		 256
	 conv2d_16 		 kernel (1, 1, 128, 128) | bias (128,) 		 16512
	 batch_normalization_11 		 gamma (128,) | beta (128,) 		 256
	 conv2d_17 		 kernel (3, 3, 128, 8) | bias (8,) 		 9224
____________________________________________________________________________________________________
glowBlock1/glowStep5
	 inv1x1conv 		 L (4, 4) | log_S (4,) | U (4, 4) 		 36
____________________________________________________________________________________________________
glowBlock1/glowStep6
	 ActNorm 		 scale (4,) | shift (4,) 		 8
____________________________________________________________________________________________________
forward/shift_and_log_scale_res_net_6
	 conv2d_18 		 kernel (3, 3, 4, 128) | bias (128,) 		 4736
	 batch_normalization_12 		 gamma (128,) | beta (128,) 		 256
	 conv2d_19 		 kernel (1, 1, 128, 128) | bias (128,) 		 16512
	 batch_normalization_13 		 gamma (128,) | beta (128,) 		 256
	 conv2d_20 		 kernel (3, 3, 128, 8) | bias (8,) 		 9224
____________________________________________________________________________________________________
glowBlock1/glowStep6
	 inv1x1conv 		 L (4, 4) | log_S (4,) | U (4, 4) 		 36
____________________________________________________________________________________________________
glowBlock1/glowStep7
	 ActNorm 		 scale (4,) | shift (4,) 		 8
____________________________________________________________________________________________________
forward/shift_and_log_scale_res_net_7
	 conv2d_21 		 kernel (3, 3, 4, 128) | bias (128,) 		 4736
	 batch_normalization_14 		 gamma (128,) | beta (128,) 		 256
	 conv2d_22 		 kernel (1, 1, 128, 128) | bias (128,) 		 16512
	 batch_normalization_15 		 gamma (128,) | beta (128,) 		 256
	 conv2d_23 		 kernel (3, 3, 128, 8) | bias (8,) 		 9224
____________________________________________________________________________________________________
glowBlock1/glowStep7
	 inv1x1conv 		 L (4, 4) | log_S (4,) | U (4, 4) 		 36
____________________________________________________________________________________________________
glowBlock1/glowStep8
	 ActNorm 		 scale (4,) | shift (4,) 		 8
____________________________________________________________________________________________________
forward/shift_and_log_scale_res_net_8
	 conv2d_24 		 kernel (3, 3, 4, 128) | bias (128,) 		 4736
	 batch_normalization_16 		 gamma (128,) | beta (128,) 		 256
	 conv2d_25 		 kernel (1, 1, 128, 128) | bias (128,) 		 16512
	 batch_normalization_17 		 gamma (128,) | beta (128,) 		 256
	 conv2d_26 		 kernel (3, 3, 128, 8) | bias (8,) 		 9224
____________________________________________________________________________________________________
glowBlock1/glowStep8
	 inv1x1conv 		 L (4, 4) | log_S (4,) | U (4, 4) 		 36
____________________________________________________________________________________________________
glowBlock1/glowStep9
	 ActNorm 		 scale (4,) | shift (4,) 		 8
____________________________________________________________________________________________________
forward/shift_and_log_scale_res_net_9
	 conv2d_27 		 kernel (3, 3, 4, 128) | bias (128,) 		 4736
	 batch_normalization_18 		 gamma (128,) | beta (128,) 		 256
	 conv2d_28 		 kernel (1, 1, 128, 128) | bias (128,) 		 16512
	 batch_normalization_19 		 gamma (128,) | beta (128,) 		 256
	 conv2d_29 		 kernel (3, 3, 128, 8) | bias (8,) 		 9224
____________________________________________________________________________________________________
glowBlock1/glowStep9
	 inv1x1conv 		 L (4, 4) | log_S (4,) | U (4, 4) 		 36
____________________________________________________________________________________________________
glowBlock1/glowStep10
	 ActNorm 		 scale (4,) | shift (4,) 		 8
____________________________________________________________________________________________________
forward/shift_and_log_scale_res_net_10
	 conv2d_30 		 kernel (3, 3, 4, 128) | bias (128,) 		 4736
	 batch_normalization_20 		 gamma (128,) | beta (128,) 		 256
	 conv2d_31 		 kernel (1, 1, 128, 128) | bias (128,) 		 16512
	 batch_normalization_21 		 gamma (128,) | beta (128,) 		 256
	 conv2d_32 		 kernel (3, 3, 128, 8) | bias (8,) 		 9224
____________________________________________________________________________________________________
glowBlock1/glowStep10
	 inv1x1conv 		 L (4, 4) | log_S (4,) | U (4, 4) 		 36
____________________________________________________________________________________________________
glowBlock1/glowStep11
	 ActNorm 		 scale (4,) | shift (4,) 		 8
____________________________________________________________________________________________________
forward/shift_and_log_scale_res_net_11
	 conv2d_33 		 kernel (3, 3, 4, 128) | bias (128,) 		 4736
	 batch_normalization_22 		 gamma (128,) | beta (128,) 		 256
	 conv2d_34 		 kernel (1, 1, 128, 128) | bias (128,) 		 16512
	 batch_normalization_23 		 gamma (128,) | beta (128,) 		 256
	 conv2d_35 		 kernel (3, 3, 128, 8) | bias (8,) 		 9224
____________________________________________________________________________________________________
glowBlock1/glowStep11
	 inv1x1conv 		 L (4, 4) | log_S (4,) | U (4, 4) 		 36
____________________________________________________________________________________________________
glowBlock1/glowStep12
	 ActNorm 		 scale (4,) | shift (4,) 		 8
____________________________________________________________________________________________________
forward/shift_and_log_scale_res_net_12
	 conv2d_36 		 kernel (3, 3, 4, 128) | bias (128,) 		 4736
	 batch_normalization_24 		 gamma (128,) | beta (128,) 		 256
	 conv2d_37 		 kernel (1, 1, 128, 128) | bias (128,) 		 16512
	 batch_normalization_25 		 gamma (128,) | beta (128,) 		 256
	 conv2d_38 		 kernel (3, 3, 128, 8) | bias (8,) 		 9224
____________________________________________________________________________________________________
glowBlock1/glowStep12
	 inv1x1conv 		 L (4, 4) | log_S (4,) | U (4, 4) 		 36
____________________________________________________________________________________________________
glowBlock1/glowStep13
	 ActNorm 		 scale (4,) | shift (4,) 		 8
____________________________________________________________________________________________________
forward/shift_and_log_scale_res_net_13
	 conv2d_39 		 kernel (3, 3, 4, 128) | bias (128,) 		 4736
	 batch_normalization_26 		 gamma (128,) | beta (128,) 		 256
	 conv2d_40 		 kernel (1, 1, 128, 128) | bias (128,) 		 16512
	 batch_normalization_27 		 gamma (128,) | beta (128,) 		 256
	 conv2d_41 		 kernel (3, 3, 128, 8) | bias (8,) 		 9224
____________________________________________________________________________________________________
glowBlock1/glowStep13
	 inv1x1conv 		 L (4, 4) | log_S (4,) | U (4, 4) 		 36
____________________________________________________________________________________________________
glowBlock1/glowStep14
	 ActNorm 		 scale (4,) | shift (4,) 		 8
____________________________________________________________________________________________________
forward/shift_and_log_scale_res_net_14
	 conv2d_42 		 kernel (3, 3, 4, 128) | bias (128,) 		 4736
	 batch_normalization_28 		 gamma (128,) | beta (128,) 		 256
	 conv2d_43 		 kernel (1, 1, 128, 128) | bias (128,) 		 16512
	 batch_normalization_29 		 gamma (128,) | beta (128,) 		 256
	 conv2d_44 		 kernel (3, 3, 128, 8) | bias (8,) 		 9224
____________________________________________________________________________________________________
glowBlock1/glowStep14
	 inv1x1conv 		 L (4, 4) | log_S (4,) | U (4, 4) 		 36
____________________________________________________________________________________________________
glowBlock1/glowStep15
	 ActNorm 		 scale (4,) | shift (4,) 		 8
____________________________________________________________________________________________________
forward/shift_and_log_scale_res_net_15
	 conv2d_45 		 kernel (3, 3, 4, 128) | bias (128,) 		 4736
	 batch_normalization_30 		 gamma (128,) | beta (128,) 		 256
	 conv2d_46 		 kernel (1, 1, 128, 128) | bias (128,) 		 16512
	 batch_normalization_31 		 gamma (128,) | beta (128,) 		 256
	 conv2d_47 		 kernel (3, 3, 128, 8) | bias (8,) 		 9224
____________________________________________________________________________________________________
glowBlock1/glowStep15
	 inv1x1conv 		 L (4, 4) | log_S (4,) | U (4, 4) 		 36
____________________________________________________________________________________________________
glowBlock1/glowStep16
	 ActNorm 		 scale (4,) | shift (4,) 		 8
____________________________________________________________________________________________________
forward/shift_and_log_scale_res_net_16
	 conv2d_48 		 kernel (3, 3, 4, 128) | bias (128,) 		 4736
	 batch_normalization_32 		 gamma (128,) | beta (128,) 		 256
	 conv2d_49 		 kernel (1, 1, 128, 128) | bias (128,) 		 16512
	 batch_normalization_33 		 gamma (128,) | beta (128,) 		 256
	 conv2d_50 		 kernel (3, 3, 128, 8) | bias (8,) 		 9224
____________________________________________________________________________________________________
glowBlock1/glowStep16
	 inv1x1conv 		 L (4, 4) | log_S (4,) | U (4, 4) 		 36
____________________________________________________________________________________________________
glowBlock1/glowStep17
	 ActNorm 		 scale (4,) | shift (4,) 		 8
____________________________________________________________________________________________________
forward/shift_and_log_scale_res_net_17
	 conv2d_51 		 kernel (3, 3, 4, 128) | bias (128,) 		 4736
	 batch_normalization_34 		 gamma (128,) | beta (128,) 		 256
	 conv2d_52 		 kernel (1, 1, 128, 128) | bias (128,) 		 16512
	 batch_normalization_35 		 gamma (128,) | beta (128,) 		 256
	 conv2d_53 		 kernel (3, 3, 128, 8) | bias (8,) 		 9224
____________________________________________________________________________________________________
glowBlock1/glowStep17
	 inv1x1conv 		 L (4, 4) | log_S (4,) | U (4, 4) 		 36
____________________________________________________________________________________________________
glowBlock1/glowStep18
	 ActNorm 		 scale (4,) | shift (4,) 		 8
____________________________________________________________________________________________________
forward/shift_and_log_scale_res_net_18
	 conv2d_54 		 kernel (3, 3, 4, 128) | bias (128,) 		 4736
	 batch_normalization_36 		 gamma (128,) | beta (128,) 		 256
	 conv2d_55 		 kernel (1, 1, 128, 128) | bias (128,) 		 16512
	 batch_normalization_37 		 gamma (128,) | beta (128,) 		 256
	 conv2d_56 		 kernel (3, 3, 128, 8) | bias (8,) 		 9224
____________________________________________________________________________________________________
glowBlock1/glowStep18
	 inv1x1conv 		 L (4, 4) | log_S (4,) | U (4, 4) 		 36
____________________________________________________________________________________________________
glowBlock1/glowStep19
	 ActNorm 		 scale (4,) | shift (4,) 		 8
____________________________________________________________________________________________________
forward/shift_and_log_scale_res_net_19
	 conv2d_57 		 kernel (3, 3, 4, 128) | bias (128,) 		 4736
	 batch_normalization_38 		 gamma (128,) | beta (128,) 		 256
	 conv2d_58 		 kernel (1, 1, 128, 128) | bias (128,) 		 16512
	 batch_normalization_39 		 gamma (128,) | beta (128,) 		 256
	 conv2d_59 		 kernel (3, 3, 128, 8) | bias (8,) 		 9224
____________________________________________________________________________________________________
glowBlock1/glowStep19
	 inv1x1conv 		 L (4, 4) | log_S (4,) | U (4, 4) 		 36
____________________________________________________________________________________________________
glowBlock1/glowStep20
	 ActNorm 		 scale (4,) | shift (4,) 		 8
____________________________________________________________________________________________________
forward/shift_and_log_scale_res_net_20
	 conv2d_60 		 kernel (3, 3, 4, 128) | bias (128,) 		 4736
	 batch_normalization_40 		 gamma (128,) | beta (128,) 		 256
	 conv2d_61 		 kernel (1, 1, 128, 128) | bias (128,) 		 16512
	 batch_normalization_41 		 gamma (128,) | beta (128,) 		 256
	 conv2d_62 		 kernel (3, 3, 128, 8) | bias (8,) 		 9224
____________________________________________________________________________________________________
glowBlock1/glowStep20
	 inv1x1conv 		 L (4, 4) | log_S (4,) | U (4, 4) 		 36
____________________________________________________________________________________________________
glowBlock1/glowStep21
	 ActNorm 		 scale (4,) | shift (4,) 		 8
____________________________________________________________________________________________________
forward/shift_and_log_scale_res_net_21
	 conv2d_63 		 kernel (3, 3, 4, 128) | bias (128,) 		 4736
	 batch_normalization_42 		 gamma (128,) | beta (128,) 		 256
	 conv2d_64 		 kernel (1, 1, 128, 128) | bias (128,) 		 16512
	 batch_normalization_43 		 gamma (128,) | beta (128,) 		 256
	 conv2d_65 		 kernel (3, 3, 128, 8) | bias (8,) 		 9224
____________________________________________________________________________________________________
glowBlock1/glowStep21
	 inv1x1conv 		 L (4, 4) | log_S (4,) | U (4, 4) 		 36
____________________________________________________________________________________________________
glowBlock1/glowStep22
	 ActNorm 		 scale (4,) | shift (4,) 		 8
____________________________________________________________________________________________________
forward/shift_and_log_scale_res_net_22
	 conv2d_66 		 kernel (3, 3, 4, 128) | bias (128,) 		 4736
	 batch_normalization_44 		 gamma (128,) | beta (128,) 		 256
	 conv2d_67 		 kernel (1, 1, 128, 128) | bias (128,) 		 16512
	 batch_normalization_45 		 gamma (128,) | beta (128,) 		 256
	 conv2d_68 		 kernel (3, 3, 128, 8) | bias (8,) 		 9224
____________________________________________________________________________________________________
glowBlock1/glowStep22
	 inv1x1conv 		 L (4, 4) | log_S (4,) | U (4, 4) 		 36
____________________________________________________________________________________________________
glowBlock1/glowStep23
	 ActNorm 		 scale (4,) | shift (4,) 		 8
____________________________________________________________________________________________________
forward/shift_and_log_scale_res_net_23
	 conv2d_69 		 kernel (3, 3, 4, 128) | bias (128,) 		 4736
	 batch_normalization_46 		 gamma (128,) | beta (128,) 		 256
	 conv2d_70 		 kernel (1, 1, 128, 128) | bias (128,) 		 16512
	 batch_normalization_47 		 gamma (128,) | beta (128,) 		 256
	 conv2d_71 		 kernel (3, 3, 128, 8) | bias (8,) 		 9224
____________________________________________________________________________________________________
glowBlock1/glowStep23
	 inv1x1conv 		 L (4, 4) | log_S (4,) | U (4, 4) 		 36
____________________________________________________________________________________________________
glowBlock2/glowStep0
	 ActNorm 		 scale (8,) | shift (8,) 		 16
____________________________________________________________________________________________________
forward/shift_and_log_scale_res_net_24
	 conv2d_72 		 kernel (3, 3, 8, 128) | bias (128,) 		 9344
	 batch_normalization_48 		 gamma (128,) | beta (128,) 		 256
	 conv2d_73 		 kernel (1, 1, 128, 128) | bias (128,) 		 16512
	 batch_normalization_49 		 gamma (128,) | beta (128,) 		 256
	 conv2d_74 		 kernel (3, 3, 128, 16) | bias (16,) 		 18448
____________________________________________________________________________________________________
glowBlock2/glowStep0
	 inv1x1conv 		 L (8, 8) | log_S (8,) | U (8, 8) 		 136
____________________________________________________________________________________________________
glowBlock2/glowStep1
	 ActNorm 		 scale (8,) | shift (8,) 		 16
____________________________________________________________________________________________________
forward/shift_and_log_scale_res_net_25
	 conv2d_75 		 kernel (3, 3, 8, 128) | bias (128,) 		 9344
	 batch_normalization_50 		 gamma (128,) | beta (128,) 		 256
	 conv2d_76 		 kernel (1, 1, 128, 128) | bias (128,) 		 16512
	 batch_normalization_51 		 gamma (128,) | beta (128,) 		 256
	 conv2d_77 		 kernel (3, 3, 128, 16) | bias (16,) 		 18448
____________________________________________________________________________________________________
glowBlock2/glowStep1
	 inv1x1conv 		 L (8, 8) | log_S (8,) | U (8, 8) 		 136
____________________________________________________________________________________________________
glowBlock2/glowStep2
	 ActNorm 		 scale (8,) | shift (8,) 		 16
____________________________________________________________________________________________________
forward/shift_and_log_scale_res_net_26
	 conv2d_78 		 kernel (3, 3, 8, 128) | bias (128,) 		 9344
	 batch_normalization_52 		 gamma (128,) | beta (128,) 		 256
	 conv2d_79 		 kernel (1, 1, 128, 128) | bias (128,) 		 16512
	 batch_normalization_53 		 gamma (128,) | beta (128,) 		 256
	 conv2d_80 		 kernel (3, 3, 128, 16) | bias (16,) 		 18448
____________________________________________________________________________________________________
glowBlock2/glowStep2
	 inv1x1conv 		 L (8, 8) | log_S (8,) | U (8, 8) 		 136
____________________________________________________________________________________________________
glowBlock2/glowStep3
	 ActNorm 		 scale (8,) | shift (8,) 		 16
____________________________________________________________________________________________________
forward/shift_and_log_scale_res_net_27
	 conv2d_81 		 kernel (3, 3, 8, 128) | bias (128,) 		 9344
	 batch_normalization_54 		 gamma (128,) | beta (128,) 		 256
	 conv2d_82 		 kernel (1, 1, 128, 128) | bias (128,) 		 16512
	 batch_normalization_55 		 gamma (128,) | beta (128,) 		 256
	 conv2d_83 		 kernel (3, 3, 128, 16) | bias (16,) 		 18448
____________________________________________________________________________________________________
glowBlock2/glowStep3
	 inv1x1conv 		 L (8, 8) | log_S (8,) | U (8, 8) 		 136
____________________________________________________________________________________________________
glowBlock2/glowStep4
	 ActNorm 		 scale (8,) | shift (8,) 		 16
____________________________________________________________________________________________________
forward/shift_and_log_scale_res_net_28
	 conv2d_84 		 kernel (3, 3, 8, 128) | bias (128,) 		 9344
	 batch_normalization_56 		 gamma (128,) | beta (128,) 		 256
	 conv2d_85 		 kernel (1, 1, 128, 128) | bias (128,) 		 16512
	 batch_normalization_57 		 gamma (128,) | beta (128,) 		 256
	 conv2d_86 		 kernel (3, 3, 128, 16) | bias (16,) 		 18448
____________________________________________________________________________________________________
glowBlock2/glowStep4
	 inv1x1conv 		 L (8, 8) | log_S (8,) | U (8, 8) 		 136
____________________________________________________________________________________________________
glowBlock2/glowStep5
	 ActNorm 		 scale (8,) | shift (8,) 		 16
____________________________________________________________________________________________________
forward/shift_and_log_scale_res_net_29
	 conv2d_87 		 kernel (3, 3, 8, 128) | bias (128,) 		 9344
	 batch_normalization_58 		 gamma (128,) | beta (128,) 		 256
	 conv2d_88 		 kernel (1, 1, 128, 128) | bias (128,) 		 16512
	 batch_normalization_59 		 gamma (128,) | beta (128,) 		 256
	 conv2d_89 		 kernel (3, 3, 128, 16) | bias (16,) 		 18448
____________________________________________________________________________________________________
glowBlock2/glowStep5
	 inv1x1conv 		 L (8, 8) | log_S (8,) | U (8, 8) 		 136
____________________________________________________________________________________________________
glowBlock2/glowStep6
	 ActNorm 		 scale (8,) | shift (8,) 		 16
____________________________________________________________________________________________________
forward/shift_and_log_scale_res_net_30
	 conv2d_90 		 kernel (3, 3, 8, 128) | bias (128,) 		 9344
	 batch_normalization_60 		 gamma (128,) | beta (128,) 		 256
	 conv2d_91 		 kernel (1, 1, 128, 128) | bias (128,) 		 16512
	 batch_normalization_61 		 gamma (128,) | beta (128,) 		 256
	 conv2d_92 		 kernel (3, 3, 128, 16) | bias (16,) 		 18448
____________________________________________________________________________________________________
glowBlock2/glowStep6
	 inv1x1conv 		 L (8, 8) | log_S (8,) | U (8, 8) 		 136
____________________________________________________________________________________________________
glowBlock2/glowStep7
	 ActNorm 		 scale (8,) | shift (8,) 		 16
____________________________________________________________________________________________________
forward/shift_and_log_scale_res_net_31
	 conv2d_93 		 kernel (3, 3, 8, 128) | bias (128,) 		 9344
	 batch_normalization_62 		 gamma (128,) | beta (128,) 		 256
	 conv2d_94 		 kernel (1, 1, 128, 128) | bias (128,) 		 16512
	 batch_normalization_63 		 gamma (128,) | beta (128,) 		 256
	 conv2d_95 		 kernel (3, 3, 128, 16) | bias (16,) 		 18448
____________________________________________________________________________________________________
glowBlock2/glowStep7
	 inv1x1conv 		 L (8, 8) | log_S (8,) | U (8, 8) 		 136
____________________________________________________________________________________________________
glowBlock2/glowStep8
	 ActNorm 		 scale (8,) | shift (8,) 		 16
____________________________________________________________________________________________________
forward/shift_and_log_scale_res_net_32
	 conv2d_96 		 kernel (3, 3, 8, 128) | bias (128,) 		 9344
	 batch_normalization_64 		 gamma (128,) | beta (128,) 		 256
	 conv2d_97 		 kernel (1, 1, 128, 128) | bias (128,) 		 16512
	 batch_normalization_65 		 gamma (128,) | beta (128,) 		 256
	 conv2d_98 		 kernel (3, 3, 128, 16) | bias (16,) 		 18448
____________________________________________________________________________________________________
glowBlock2/glowStep8
	 inv1x1conv 		 L (8, 8) | log_S (8,) | U (8, 8) 		 136
____________________________________________________________________________________________________
glowBlock2/glowStep9
	 ActNorm 		 scale (8,) | shift (8,) 		 16
____________________________________________________________________________________________________
forward/shift_and_log_scale_res_net_33
	 conv2d_99 		 kernel (3, 3, 8, 128) | bias (128,) 		 9344
	 batch_normalization_66 		 gamma (128,) | beta (128,) 		 256
	 conv2d_100 		 kernel (1, 1, 128, 128) | bias (128,) 		 16512
	 batch_normalization_67 		 gamma (128,) | beta (128,) 		 256
	 conv2d_101 		 kernel (3, 3, 128, 16) | bias (16,) 		 18448
____________________________________________________________________________________________________
glowBlock2/glowStep9
	 inv1x1conv 		 L (8, 8) | log_S (8,) | U (8, 8) 		 136
____________________________________________________________________________________________________
glowBlock2/glowStep10
	 ActNorm 		 scale (8,) | shift (8,) 		 16
____________________________________________________________________________________________________
forward/shift_and_log_scale_res_net_34
	 conv2d_102 		 kernel (3, 3, 8, 128) | bias (128,) 		 9344
	 batch_normalization_68 		 gamma (128,) | beta (128,) 		 256
	 conv2d_103 		 kernel (1, 1, 128, 128) | bias (128,) 		 16512
	 batch_normalization_69 		 gamma (128,) | beta (128,) 		 256
	 conv2d_104 		 kernel (3, 3, 128, 16) | bias (16,) 		 18448
____________________________________________________________________________________________________
glowBlock2/glowStep10
	 inv1x1conv 		 L (8, 8) | log_S (8,) | U (8, 8) 		 136
____________________________________________________________________________________________________
glowBlock2/glowStep11
	 ActNorm 		 scale (8,) | shift (8,) 		 16
____________________________________________________________________________________________________
forward/shift_and_log_scale_res_net_35
	 conv2d_105 		 kernel (3, 3, 8, 128) | bias (128,) 		 9344
	 batch_normalization_70 		 gamma (128,) | beta (128,) 		 256
	 conv2d_106 		 kernel (1, 1, 128, 128) | bias (128,) 		 16512
	 batch_normalization_71 		 gamma (128,) | beta (128,) 		 256
	 conv2d_107 		 kernel (3, 3, 128, 16) | bias (16,) 		 18448
____________________________________________________________________________________________________
glowBlock2/glowStep11
	 inv1x1conv 		 L (8, 8) | log_S (8,) | U (8, 8) 		 136
____________________________________________________________________________________________________
glowBlock2/glowStep12
	 ActNorm 		 scale (8,) | shift (8,) 		 16
____________________________________________________________________________________________________
forward/shift_and_log_scale_res_net_36
	 conv2d_108 		 kernel (3, 3, 8, 128) | bias (128,) 		 9344
	 batch_normalization_72 		 gamma (128,) | beta (128,) 		 256
	 conv2d_109 		 kernel (1, 1, 128, 128) | bias (128,) 		 16512
	 batch_normalization_73 		 gamma (128,) | beta (128,) 		 256
	 conv2d_110 		 kernel (3, 3, 128, 16) | bias (16,) 		 18448
____________________________________________________________________________________________________
glowBlock2/glowStep12
	 inv1x1conv 		 L (8, 8) | log_S (8,) | U (8, 8) 		 136
____________________________________________________________________________________________________
glowBlock2/glowStep13
	 ActNorm 		 scale (8,) | shift (8,) 		 16
____________________________________________________________________________________________________
forward/shift_and_log_scale_res_net_37
	 conv2d_111 		 kernel (3, 3, 8, 128) | bias (128,) 		 9344
	 batch_normalization_74 		 gamma (128,) | beta (128,) 		 256
	 conv2d_112 		 kernel (1, 1, 128, 128) | bias (128,) 		 16512
	 batch_normalization_75 		 gamma (128,) | beta (128,) 		 256
	 conv2d_113 		 kernel (3, 3, 128, 16) | bias (16,) 		 18448
____________________________________________________________________________________________________
glowBlock2/glowStep13
	 inv1x1conv 		 L (8, 8) | log_S (8,) | U (8, 8) 		 136
____________________________________________________________________________________________________
glowBlock2/glowStep14
	 ActNorm 		 scale (8,) | shift (8,) 		 16
____________________________________________________________________________________________________
forward/shift_and_log_scale_res_net_38
	 conv2d_114 		 kernel (3, 3, 8, 128) | bias (128,) 		 9344
	 batch_normalization_76 		 gamma (128,) | beta (128,) 		 256
	 conv2d_115 		 kernel (1, 1, 128, 128) | bias (128,) 		 16512
	 batch_normalization_77 		 gamma (128,) | beta (128,) 		 256
	 conv2d_116 		 kernel (3, 3, 128, 16) | bias (16,) 		 18448
____________________________________________________________________________________________________
glowBlock2/glowStep14
	 inv1x1conv 		 L (8, 8) | log_S (8,) | U (8, 8) 		 136
____________________________________________________________________________________________________
glowBlock2/glowStep15
	 ActNorm 		 scale (8,) | shift (8,) 		 16
____________________________________________________________________________________________________
forward/shift_and_log_scale_res_net_39
	 conv2d_117 		 kernel (3, 3, 8, 128) | bias (128,) 		 9344
	 batch_normalization_78 		 gamma (128,) | beta (128,) 		 256
	 conv2d_118 		 kernel (1, 1, 128, 128) | bias (128,) 		 16512
	 batch_normalization_79 		 gamma (128,) | beta (128,) 		 256
	 conv2d_119 		 kernel (3, 3, 128, 16) | bias (16,) 		 18448
____________________________________________________________________________________________________
glowBlock2/glowStep15
	 inv1x1conv 		 L (8, 8) | log_S (8,) | U (8, 8) 		 136
____________________________________________________________________________________________________
glowBlock2/glowStep16
	 ActNorm 		 scale (8,) | shift (8,) 		 16
____________________________________________________________________________________________________
forward/shift_and_log_scale_res_net_40
	 conv2d_120 		 kernel (3, 3, 8, 128) | bias (128,) 		 9344
	 batch_normalization_80 		 gamma (128,) | beta (128,) 		 256
	 conv2d_121 		 kernel (1, 1, 128, 128) | bias (128,) 		 16512
	 batch_normalization_81 		 gamma (128,) | beta (128,) 		 256
	 conv2d_122 		 kernel (3, 3, 128, 16) | bias (16,) 		 18448
____________________________________________________________________________________________________
glowBlock2/glowStep16
	 inv1x1conv 		 L (8, 8) | log_S (8,) | U (8, 8) 		 136
____________________________________________________________________________________________________
glowBlock2/glowStep17
	 ActNorm 		 scale (8,) | shift (8,) 		 16
____________________________________________________________________________________________________
forward/shift_and_log_scale_res_net_41
	 conv2d_123 		 kernel (3, 3, 8, 128) | bias (128,) 		 9344
	 batch_normalization_82 		 gamma (128,) | beta (128,) 		 256
	 conv2d_124 		 kernel (1, 1, 128, 128) | bias (128,) 		 16512
	 batch_normalization_83 		 gamma (128,) | beta (128,) 		 256
	 conv2d_125 		 kernel (3, 3, 128, 16) | bias (16,) 		 18448
____________________________________________________________________________________________________
glowBlock2/glowStep17
	 inv1x1conv 		 L (8, 8) | log_S (8,) | U (8, 8) 		 136
____________________________________________________________________________________________________
glowBlock2/glowStep18
	 ActNorm 		 scale (8,) | shift (8,) 		 16
____________________________________________________________________________________________________
forward/shift_and_log_scale_res_net_42
	 conv2d_126 		 kernel (3, 3, 8, 128) | bias (128,) 		 9344
	 batch_normalization_84 		 gamma (128,) | beta (128,) 		 256
	 conv2d_127 		 kernel (1, 1, 128, 128) | bias (128,) 		 16512
	 batch_normalization_85 		 gamma (128,) | beta (128,) 		 256
	 conv2d_128 		 kernel (3, 3, 128, 16) | bias (16,) 		 18448
____________________________________________________________________________________________________
glowBlock2/glowStep18
	 inv1x1conv 		 L (8, 8) | log_S (8,) | U (8, 8) 		 136
____________________________________________________________________________________________________
glowBlock2/glowStep19
	 ActNorm 		 scale (8,) | shift (8,) 		 16
____________________________________________________________________________________________________
forward/shift_and_log_scale_res_net_43
	 conv2d_129 		 kernel (3, 3, 8, 128) | bias (128,) 		 9344
	 batch_normalization_86 		 gamma (128,) | beta (128,) 		 256
	 conv2d_130 		 kernel (1, 1, 128, 128) | bias (128,) 		 16512
	 batch_normalization_87 		 gamma (128,) | beta (128,) 		 256
	 conv2d_131 		 kernel (3, 3, 128, 16) | bias (16,) 		 18448
____________________________________________________________________________________________________
glowBlock2/glowStep19
	 inv1x1conv 		 L (8, 8) | log_S (8,) | U (8, 8) 		 136
____________________________________________________________________________________________________
glowBlock2/glowStep20
	 ActNorm 		 scale (8,) | shift (8,) 		 16
____________________________________________________________________________________________________
forward/shift_and_log_scale_res_net_44
	 conv2d_132 		 kernel (3, 3, 8, 128) | bias (128,) 		 9344
	 batch_normalization_88 		 gamma (128,) | beta (128,) 		 256
	 conv2d_133 		 kernel (1, 1, 128, 128) | bias (128,) 		 16512
	 batch_normalization_89 		 gamma (128,) | beta (128,) 		 256
	 conv2d_134 		 kernel (3, 3, 128, 16) | bias (16,) 		 18448
____________________________________________________________________________________________________
glowBlock2/glowStep20
	 inv1x1conv 		 L (8, 8) | log_S (8,) | U (8, 8) 		 136
____________________________________________________________________________________________________
glowBlock2/glowStep21
	 ActNorm 		 scale (8,) | shift (8,) 		 16
____________________________________________________________________________________________________
forward/shift_and_log_scale_res_net_45
	 conv2d_135 		 kernel (3, 3, 8, 128) | bias (128,) 		 9344
	 batch_normalization_90 		 gamma (128,) | beta (128,) 		 256
	 conv2d_136 		 kernel (1, 1, 128, 128) | bias (128,) 		 16512
	 batch_normalization_91 		 gamma (128,) | beta (128,) 		 256
	 conv2d_137 		 kernel (3, 3, 128, 16) | bias (16,) 		 18448
____________________________________________________________________________________________________
glowBlock2/glowStep21
	 inv1x1conv 		 L (8, 8) | log_S (8,) | U (8, 8) 		 136
____________________________________________________________________________________________________
glowBlock2/glowStep22
	 ActNorm 		 scale (8,) | shift (8,) 		 16
____________________________________________________________________________________________________
forward/shift_and_log_scale_res_net_46
	 conv2d_138 		 kernel (3, 3, 8, 128) | bias (128,) 		 9344
	 batch_normalization_92 		 gamma (128,) | beta (128,) 		 256
	 conv2d_139 		 kernel (1, 1, 128, 128) | bias (128,) 		 16512
	 batch_normalization_93 		 gamma (128,) | beta (128,) 		 256
	 conv2d_140 		 kernel (3, 3, 128, 16) | bias (16,) 		 18448
____________________________________________________________________________________________________
glowBlock2/glowStep22
	 inv1x1conv 		 L (8, 8) | log_S (8,) | U (8, 8) 		 136
____________________________________________________________________________________________________
glowBlock2/glowStep23
	 ActNorm 		 scale (8,) | shift (8,) 		 16
____________________________________________________________________________________________________
forward/shift_and_log_scale_res_net_47
	 conv2d_141 		 kernel (3, 3, 8, 128) | bias (128,) 		 9344
	 batch_normalization_94 		 gamma (128,) | beta (128,) 		 256
	 conv2d_142 		 kernel (1, 1, 128, 128) | bias (128,) 		 16512
	 batch_normalization_95 		 gamma (128,) | beta (128,) 		 256
	 conv2d_143 		 kernel (3, 3, 128, 16) | bias (16,) 		 18448
____________________________________________________________________________________________________
glowBlock2/glowStep23
	 inv1x1conv 		 L (8, 8) | log_S (8,) | U (8, 8) 		 136
====================================================================================================
Total Trainable Variables:  1823904
Start Training on 250 epochs
Epoch 000: Loss: 401169.062
Epoch 002: Loss: 116.119
Epoch 004: Loss: -304.034
Epoch 006: Loss: -550.351
Epoch 008: Loss: -788.079
Epoch 010: Loss: -996.415
Epoch 012: Loss: -1224.499
Epoch 014: Loss: -1456.540
Epoch 016: Loss: -1714.046
Epoch 018: Loss: -1810.654
Epoch 020: Loss: -2020.977
Epoch 022: Loss: -2231.472
Epoch 024: Loss: -2403.893
Epoch 026: Loss: -1758.729
Epoch 028: Loss: -2276.569
Epoch 030: Loss: -1676.357
Epoch 032: Loss: -2557.692
Epoch 034: Loss: -2405.510
Epoch 036: Loss: -2769.248
Epoch 038: Loss: -2928.837
Epoch 040: Loss: -3191.400
Epoch 042: Loss: -3306.226
Epoch 044: Loss: -3622.606
Epoch 046: Loss: -3828.023
Epoch 048: Loss: -3851.975
Epoch 050: Loss: -4397.036
Epoch 052: Loss: -4319.147
Epoch 054: Loss: -4858.141
Epoch 056: Loss: -4677.602
Epoch 058: Loss: -5198.792
Epoch 060: Loss: -5413.279
Epoch 062: Loss: -5528.611
Epoch 064: Loss: -5536.519
Epoch 066: Loss: -5660.255
Epoch 068: Loss: -5722.611
Epoch 070: Loss: -5893.508
Epoch 072: Loss: -6032.939
Epoch 074: Loss: -6202.492
Epoch 076: Loss: -6132.698
Epoch 078: Loss: -6212.178
Epoch 080: Loss: -6413.728
Epoch 082: Loss: -6550.096
Epoch 084: Loss: -6497.818
Epoch 086: Loss: -6446.046
Epoch 088: Loss: -6614.358
Epoch 090: Loss: -5653.917
Epoch 092: Loss: -5796.066
Epoch 094: Loss: -6256.896
Epoch 096: Loss: -6586.582
Epoch 098: Loss: -6730.021
Epoch 100: Loss: -6665.040
Epoch 102: Loss: -6887.272
Epoch 104: Loss: -6650.052
Epoch 106: Loss: -6947.890
Epoch 108: Loss: -6977.472
Epoch 110: Loss: -6826.830
Epoch 112: Loss: -6914.355
Epoch 114: Loss: -6676.136
Epoch 116: Loss: -7100.706
Epoch 118: Loss: -7157.449
Epoch 120: Loss: -6995.007
Epoch 122: Loss: -7106.731
Epoch 124: Loss: -7272.351
Epoch 126: Loss: -7233.191
Epoch 128: Loss: -6771.366
Epoch 130: Loss: -7268.883
Epoch 132: Loss: -7084.792
Epoch 134: Loss: -6703.677
Epoch 136: Loss: -7179.478
Epoch 138: Loss: -7325.011
Epoch 140: Loss: -7330.479
Epoch 142: Loss: -7256.260
Epoch 144: Loss: -7372.796
Epoch 146: Loss: -6558.281
Epoch 148: Loss: -7158.370
Epoch 150: Loss: -7321.015
Epoch 152: Loss: -7257.445
Epoch 154: Loss: -7303.238
Epoch 156: Loss: -7379.126
Epoch 158: Loss: -7274.117
Epoch 160: Loss: -6497.120
Epoch 162: Loss: -5935.293
Epoch 164: Loss: -6413.285
Epoch 166: Loss: -6884.766
Epoch 168: Loss: -6936.742
Epoch 170: Loss: -6849.739
Epoch 172: Loss: -6294.463
Epoch 174: Loss: -7113.907
Epoch 176: Loss: -6551.509
Epoch 178: Loss: -7316.784
Epoch 180: Loss: -7446.165
Epoch 182: Loss: -6597.014
Epoch 184: Loss: -7460.699
Epoch 186: Loss: -7426.382
Epoch 188: Loss: -6495.313
Epoch 190: Loss: -7198.133
Epoch 192: Loss: -7502.693
Epoch 194: Loss: -7551.394
Epoch 196: Loss: -6447.993
Epoch 198: Loss: -7318.449
Epoch 200: Loss: -6179.070
Epoch 202: Loss: -6510.255
Epoch 204: Loss: -7117.550
Epoch 206: Loss: -7164.037
Epoch 208: Loss: -6855.812
Epoch 210: Loss: -7302.153
Epoch 212: Loss: -5228.938
Epoch 214: Loss: -6470.101
Epoch 216: Loss: -6607.878
Epoch 218: Loss: -6904.721
Epoch 220: Loss: -6378.466
Epoch 222: Loss: -6996.061
Epoch 224: Loss: -5898.825
Epoch 226: Loss: -6794.233
Epoch 228: Loss: -7070.452
Epoch 230: Loss: -6897.391
Epoch 232: Loss: -7090.836
Epoch 234: Loss: -7215.236
Epoch 236: Loss: -7375.973
Epoch 238: Loss: -7350.577
Epoch 240: Loss: -7434.633
Epoch 242: Loss: -7386.422
Epoch 244: Loss: -7371.871
Epoch 246: Loss: -7357.435
Epoch 248: Loss: -7550.355
Model's variables saved
Training time:  25714.63  seconds
loss history saved
9 samples saved
