TensorFlow version: 2.2.0
Eager execution: True
Glow Bijector 2 Blocks: K = 32 
 ShiftAndLogScaleResNet 
 n_filters = 256 
 batch size : 128
flow sample shape:  (1, 28, 28, 1)
Total Trainable Variables:  6953856
Start Training on 300 epochs
Epoch 000: Loss: 10190810.000
Epoch 003: Loss: 1221.321
Epoch 006: Loss: 737.170
Epoch 009: Loss: 223.728
Epoch 012: Loss: -17.690
Model Saved at ./tf_ckpts/ckpt-1
Epoch 015: Loss: -189.376
Model Saved at ./tf_ckpts/ckpt-2
Epoch 018: Loss: -370.184
Model Saved at ./tf_ckpts/ckpt-3
Epoch 021: Loss: -559.864
Model Saved at ./tf_ckpts/ckpt-4
Epoch 024: Loss: -813.448
Model Saved at ./tf_ckpts/ckpt-5
Epoch 027: Loss: -1045.975
Model Saved at ./tf_ckpts/ckpt-6
Epoch 030: Loss: -1236.070
Model Saved at ./tf_ckpts/ckpt-7
Epoch 033: Loss: -1452.092
Model Saved at ./tf_ckpts/ckpt-8
Epoch 036: Loss: 10723.862
Epoch 039: Loss: 5774.923
Epoch 042: Loss: 2560.672
Epoch 045: Loss: 713.507
Nan Loss
Epoch 048: Loss: nan
