TensorFlow version: 2.2.0
Eager execution: True
Glow Bijector 2 Blocks: K = 16 
 ShiftAndLogScaleResNet 
 n_filters = 64 
 batch size : 256
flow sample shape:  (1, 28, 28, 1)
Total Trainable Variables:  478656
Start Training on 200 epochs
Epoch 000: Loss: 13356.897
Epoch 002: Loss: -67.990
Model Saved at ./tf_ckpts/ckpt-1
Epoch 004: Loss: -650.287
Model Saved at ./tf_ckpts/ckpt-2
Epoch 006: Loss: -864.343
Model Saved at ./tf_ckpts/ckpt-3
Epoch 008: Loss: -1027.863
Model Saved at ./tf_ckpts/ckpt-4
Epoch 010: Loss: -1181.502
Model Saved at ./tf_ckpts/ckpt-5
Epoch 012: Loss: -1338.039
Model Saved at ./tf_ckpts/ckpt-6
Epoch 014: Loss: -1507.895
Model Saved at ./tf_ckpts/ckpt-7
Epoch 016: Loss: -1676.190
Model Saved at ./tf_ckpts/ckpt-8
Epoch 018: Loss: -1852.829
Model Saved at ./tf_ckpts/ckpt-9
Epoch 020: Loss: -1856.875
Model Saved at ./tf_ckpts/ckpt-10
Epoch 022: Loss: -1944.448
Model Saved at ./tf_ckpts/ckpt-11
Epoch 024: Loss: -2159.018
Model Saved at ./tf_ckpts/ckpt-12
Epoch 026: Loss: -2079.455
Epoch 028: Loss: -2138.892
Epoch 030: Loss: -2485.760
Model Saved at ./tf_ckpts/ckpt-13
Epoch 032: Loss: -2445.977
Epoch 034: Loss: -2127.906
Epoch 036: Loss: -2271.476
Epoch 038: Loss: -2558.006
Model Saved at ./tf_ckpts/ckpt-14
Epoch 040: Loss: -2731.824
Model Saved at ./tf_ckpts/ckpt-15
Epoch 042: Loss: -2673.890
Epoch 044: Loss: -2991.456
Model Saved at ./tf_ckpts/ckpt-16
Epoch 046: Loss: -3142.491
Model Saved at ./tf_ckpts/ckpt-17
Epoch 048: Loss: -2650.118
Epoch 050: Loss: -3289.239
Model Saved at ./tf_ckpts/ckpt-18
Epoch 052: Loss: -3070.726
Epoch 054: Loss: -2839.069
Epoch 056: Loss: -3408.330
Model Saved at ./tf_ckpts/ckpt-19
Epoch 058: Loss: -3736.814
Model Saved at ./tf_ckpts/ckpt-20
Epoch 060: Loss: -3798.818
Model Saved at ./tf_ckpts/ckpt-21
Epoch 062: Loss: -4031.010
Model Saved at ./tf_ckpts/ckpt-22
Epoch 064: Loss: -3792.306
Epoch 066: Loss: -4010.762
Epoch 068: Loss: -4316.037
Model Saved at ./tf_ckpts/ckpt-23
Epoch 070: Loss: -4395.372
Model Saved at ./tf_ckpts/ckpt-24
Epoch 072: Loss: -4534.897
Model Saved at ./tf_ckpts/ckpt-25
Epoch 074: Loss: -4625.778
Model Saved at ./tf_ckpts/ckpt-26
Epoch 076: Loss: -4765.062
Model Saved at ./tf_ckpts/ckpt-27
Epoch 078: Loss: -4894.765
Model Saved at ./tf_ckpts/ckpt-28
Epoch 080: Loss: -5048.065
Model Saved at ./tf_ckpts/ckpt-29
Epoch 082: Loss: -5062.382
Model Saved at ./tf_ckpts/ckpt-30
Epoch 084: Loss: -5113.855
Model Saved at ./tf_ckpts/ckpt-31
Epoch 086: Loss: -5245.176
Model Saved at ./tf_ckpts/ckpt-32
Epoch 088: Loss: -4284.445
Epoch 090: Loss: -4762.205
Epoch 092: Loss: -4974.302
Epoch 094: Loss: -5061.450
Epoch 096: Loss: -5171.183
Epoch 098: Loss: -5141.436
Epoch 100: Loss: -5362.828
Model Saved at ./tf_ckpts/ckpt-33
Epoch 102: Loss: -5361.211
Epoch 104: Loss: -5398.987
Model Saved at ./tf_ckpts/ckpt-34
Epoch 106: Loss: -5344.540
Epoch 108: Loss: 254.397
Epoch 110: Loss: -3257.350
Epoch 112: Loss: -3795.595
Epoch 114: Loss: -4089.053
Epoch 116: Loss: -4267.782
Epoch 118: Loss: -4406.319
Epoch 120: Loss: -4572.371
Epoch 122: Loss: -4653.319
Epoch 124: Loss: -4723.170
Epoch 126: Loss: -4797.902
Epoch 128: Loss: -4873.051
Epoch 130: Loss: -4897.856
Epoch 132: Loss: -4939.184
Epoch 134: Loss: -4960.282
Epoch 136: Loss: -5008.480
Epoch 138: Loss: -5046.736
Epoch 140: Loss: -5115.293
Epoch 142: Loss: -5140.925
Epoch 144: Loss: -5219.761
Epoch 146: Loss: -5315.340
Epoch 148: Loss: -5346.073
Epoch 150: Loss: -5413.577
Model Saved at ./tf_ckpts/ckpt-35
Epoch 152: Loss: -5411.830
Epoch 154: Loss: -5551.749
Model Saved at ./tf_ckpts/ckpt-36
Epoch 156: Loss: -5650.153
Model Saved at ./tf_ckpts/ckpt-37
Epoch 158: Loss: -5541.578
Epoch 160: Loss: -5764.698
Model Saved at ./tf_ckpts/ckpt-38
Epoch 162: Loss: -5728.969
Epoch 164: Loss: -5819.250
Model Saved at ./tf_ckpts/ckpt-39
Epoch 166: Loss: -5809.330
Epoch 168: Loss: -5876.710
Model Saved at ./tf_ckpts/ckpt-40
Epoch 170: Loss: -5870.238
Epoch 172: Loss: -6004.347
Model Saved at ./tf_ckpts/ckpt-41
Epoch 174: Loss: -6049.720
Model Saved at ./tf_ckpts/ckpt-42
Epoch 176: Loss: -5991.609
Epoch 178: Loss: -5973.255
Epoch 180: Loss: -5994.116
Epoch 182: Loss: -6037.544
Epoch 184: Loss: -5934.178
Epoch 186: Loss: -6202.091
Model Saved at ./tf_ckpts/ckpt-43
Epoch 188: Loss: -6246.584
Model Saved at ./tf_ckpts/ckpt-44
Epoch 190: Loss: -6236.485
Epoch 192: Loss: -6240.204
Epoch 194: Loss: -5925.083
Epoch 196: Loss: -6256.704
Model Saved at ./tf_ckpts/ckpt-45
Epoch 198: Loss: -6342.035
Model Saved at ./tf_ckpts/ckpt-46
Model Saved at ./tf_ckpts/ckpt-46
Training time:  7284.98  seconds
loss history saved
9 samples saved
