TensorFlow version: 2.2.0
Eager execution: True
Glow Bijector 2 Blocks: 
	 K = 8 
	 ShiftAndLogScaleResNet 
	 n_filters = 64 
	 batch size = 256
flow sample shape:  (1, 28, 28, 1)
Total Trainable Variables:  239328
Start Training on 100 epochs
Epoch 000: Train Loss: 2850.618 Val Loss: 1984.065308
Epoch 001: Train Loss: 1796.542 Val Loss: 1619.978149
Epoch 002: Train Loss: 1532.885 Val Loss: 1373.359009
Epoch 003: Train Loss: 1337.015 Val Loss: 1194.832764
Epoch 004: Train Loss: 1220.107 Val Loss: 1088.231445
Epoch 005: Train Loss: 1195.119 Val Loss: 920.318298
Epoch 006: Train Loss: 1054.971 Val Loss: 1280.497559
Epoch 007: Train Loss: 929.137 Val Loss: 1412.124756
Epoch 008: Train Loss: 1051.562 Val Loss: 871.643433
Epoch 009: Train Loss: 1122.820 Val Loss: 613.448242
Epoch 010: Train Loss: 776.916 Val Loss: 593.524414
Epoch 011: Train Loss: 748.817 Val Loss: 630.377197
Epoch 012: Train Loss: 658.300 Val Loss: 501.676331
Epoch 013: Train Loss: 933.213 Val Loss: 555.400635
Epoch 014: Train Loss: 529.680 Val Loss: 1243.077637
Epoch 015: Train Loss: 1084.127 Val Loss: 1583.879883
Epoch 016: Train Loss: 683.104 Val Loss: 329.883484
Epoch 017: Train Loss: 935.307 Val Loss: 769.985840
Epoch 018: Train Loss: 606.467 Val Loss: 967.233337
Epoch 019: Train Loss: 922.603 Val Loss: 1821.534790
Epoch 020: Train Loss: 490.951 Val Loss: 97.640457
Epoch 021: Train Loss: 590.191 Val Loss: 192.352814
Epoch 022: Train Loss: 396.722 Val Loss: 257.778839
Epoch 023: Train Loss: 569.806 Val Loss: 355.610840
Epoch 024: Train Loss: 84.528 Val Loss: -141.828293
Model Saved at ./tf_ckpts/ckpt-1
Epoch 025: Train Loss: 227.787 Val Loss: -65.209610
Epoch 026: Train Loss: 565.544 Val Loss: 708.552979
Epoch 027: Train Loss: 255.914 Val Loss: 129.615433
Epoch 028: Train Loss: -34.916 Val Loss: -196.406769
Model Saved at ./tf_ckpts/ckpt-2
Epoch 029: Train Loss: 452.121 Val Loss: -237.918015
Model Saved at ./tf_ckpts/ckpt-3
Epoch 030: Train Loss: 83.896 Val Loss: 98.808304
Epoch 031: Train Loss: 210.218 Val Loss: -90.257156
Epoch 032: Train Loss: 288.510 Val Loss: 881.405029
Epoch 033: Train Loss: 696.241 Val Loss: 12.585411
Epoch 034: Train Loss: 11.765 Val Loss: -71.597847
Epoch 035: Train Loss: 889.702 Val Loss: 292.988953
Epoch 036: Train Loss: 369.595 Val Loss: 734.595581
Epoch 037: Train Loss: 531.525 Val Loss: 1155.558350
Epoch 038: Train Loss: 784.487 Val Loss: 331.067505
Epoch 039: Train Loss: 365.072 Val Loss: 808.687256
Epoch 040: Train Loss: 77.007 Val Loss: -242.114670
Model Saved at ./tf_ckpts/ckpt-4
Epoch 041: Train Loss: 15.800 Val Loss: 940.385132
Epoch 042: Train Loss: 27.542 Val Loss: -375.391113
Model Saved at ./tf_ckpts/ckpt-5
Epoch 043: Train Loss: 1722.548 Val Loss: 976.533997
Epoch 044: Train Loss: 1493.779 Val Loss: 748.642212
Epoch 045: Train Loss: 819.261 Val Loss: 736.178162
Epoch 046: Train Loss: 415.852 Val Loss: 192.823242
Epoch 047: Train Loss: 313.260 Val Loss: 1050.561646
Epoch 048: Train Loss: 292.126 Val Loss: 87.527618
Epoch 049: Train Loss: 159.506 Val Loss: -97.098587
Epoch 050: Train Loss: 167.388 Val Loss: 495.364563
Epoch 051: Train Loss: 395.571 Val Loss: 670.790588
Epoch 052: Train Loss: 246.640 Val Loss: 233.467285
Epoch 053: Train Loss: 95.851 Val Loss: 863.974976
Epoch 054: Train Loss: 512.020 Val Loss: 686.064453
Epoch 055: Train Loss: 125.749 Val Loss: 80.883339
Epoch 056: Train Loss: 58.423 Val Loss: -118.202179
Epoch 057: Train Loss: 836.531 Val Loss: 1380.488892
Epoch 058: Train Loss: 1649.949 Val Loss: 1783.203369
Epoch 059: Train Loss: 1394.751 Val Loss: 969.052979
Epoch 060: Train Loss: 1044.135 Val Loss: 1598.867676
Epoch 061: Train Loss: 1019.009 Val Loss: 1195.332764
Epoch 062: Train Loss: 874.950 Val Loss: 663.168762
Epoch 063: Train Loss: 606.887 Val Loss: 637.519897
Epoch 064: Train Loss: 410.382 Val Loss: 861.495300
Epoch 065: Train Loss: 989.407 Val Loss: 493.766785
Epoch 066: Train Loss: 304.148 Val Loss: 185.376648
Epoch 067: Train Loss: 327.252 Val Loss: 1800.119629
Epoch 068: Train Loss: 451.875 Val Loss: 248.887756
Epoch 069: Train Loss: 1255.670 Val Loss: 1458.880493
Epoch 070: Train Loss: 942.994 Val Loss: 515.988403
Epoch 071: Train Loss: 602.041 Val Loss: 303.133881
Epoch 072: Train Loss: 304.595 Val Loss: 642.177856
Epoch 073: Train Loss: 387.029 Val Loss: 2138.620117
Epoch 074: Train Loss: 795.226 Val Loss: 138.234070
Epoch 075: Train Loss: 432.753 Val Loss: 756.130493
Epoch 076: Train Loss: 509.610 Val Loss: 18.932747
Epoch 077: Train Loss: 917.764 Val Loss: 513.152466
Epoch 078: Train Loss: 748.625 Val Loss: 5356.567383
Epoch 079: Train Loss: 2526.821 Val Loss: 1608.968262
Epoch 080: Train Loss: 1264.202 Val Loss: 949.165649
Epoch 081: Train Loss: 957.999 Val Loss: 2342.512207
Epoch 082: Train Loss: 1107.835 Val Loss: 736.192383
Epoch 083: Train Loss: 774.637 Val Loss: 544.593262
Epoch 084: Train Loss: 2944.664 Val Loss: 2073.415039
Epoch 085: Train Loss: 1962.294 Val Loss: 1809.885498
Epoch 086: Train Loss: 1600.815 Val Loss: 1643.778687
Epoch 087: Train Loss: 1376.713 Val Loss: 1173.304688
Epoch 088: Train Loss: 1264.401 Val Loss: 1056.812012
Epoch 089: Train Loss: 1274.435 Val Loss: 937.306519
Epoch 090: Train Loss: 1292.216 Val Loss: 1040.464600
Epoch 091: Train Loss: 1380.674 Val Loss: 1398.518555
Epoch 092: Train Loss: 1183.676 Val Loss: 1104.215332
Epoch 093: Train Loss: 990.894 Val Loss: 789.503662
Epoch 094: Train Loss: 896.045 Val Loss: 752.193115
Epoch 095: Train Loss: 859.578 Val Loss: 655.373413
Epoch 096: Train Loss: 1196.198 Val Loss: 745.458801
Epoch 097: Train Loss: 643.075 Val Loss: 305.008362
Epoch 098: Train Loss: 1021.119 Val Loss: 467.180603
Epoch 099: Train Loss: 644.990 Val Loss: 478.627136
Model Saved at ./tf_ckpts/ckpt-6
Training time:  2179.03  seconds
loss history saved
9 samples saved
