TensorFlow version: 2.2.0
Eager execution: True
Glow Bijector 2 Blocks: K = 16 ; ShiftAndLogScaleResNet; n_filters = 64
flow sample shape:  (1, 28, 28, 1)
____________________________________________________________________________________________________
Network 	 Layer 	 Shape 						 #parameters
====================================================================================================
glowBlock1/glowStep0
	 ActNorm 		 scale (4,) | shift (4,) 		 8
____________________________________________________________________________________________________
forward/shift_and_log_scale_res_net
	 conv2d 		 kernel (3, 3, 4, 64) | bias (64,) 		 2368
	 batch_normalization 		 gamma (64,) | beta (64,) 		 128
	 conv2d_1 		 kernel (1, 1, 64, 64) | bias (64,) 		 4160
	 batch_normalization_1 		 gamma (64,) | beta (64,) 		 128
	 conv2d_2 		 kernel (3, 3, 64, 8) | bias (8,) 		 4616
____________________________________________________________________________________________________
glowBlock1/glowStep0
	 inv1x1conv 		 L (4, 4) | log_S (4,) | U (4, 4) 		 36
____________________________________________________________________________________________________
glowBlock1/glowStep1
	 ActNorm 		 scale (4,) | shift (4,) 		 8
____________________________________________________________________________________________________
forward/shift_and_log_scale_res_net_1
	 conv2d_3 		 kernel (3, 3, 4, 64) | bias (64,) 		 2368
	 batch_normalization_2 		 gamma (64,) | beta (64,) 		 128
	 conv2d_4 		 kernel (1, 1, 64, 64) | bias (64,) 		 4160
	 batch_normalization_3 		 gamma (64,) | beta (64,) 		 128
	 conv2d_5 		 kernel (3, 3, 64, 8) | bias (8,) 		 4616
____________________________________________________________________________________________________
glowBlock1/glowStep1
	 inv1x1conv 		 L (4, 4) | log_S (4,) | U (4, 4) 		 36
____________________________________________________________________________________________________
glowBlock1/glowStep2
	 ActNorm 		 scale (4,) | shift (4,) 		 8
____________________________________________________________________________________________________
forward/shift_and_log_scale_res_net_2
	 conv2d_6 		 kernel (3, 3, 4, 64) | bias (64,) 		 2368
	 batch_normalization_4 		 gamma (64,) | beta (64,) 		 128
	 conv2d_7 		 kernel (1, 1, 64, 64) | bias (64,) 		 4160
	 batch_normalization_5 		 gamma (64,) | beta (64,) 		 128
	 conv2d_8 		 kernel (3, 3, 64, 8) | bias (8,) 		 4616
____________________________________________________________________________________________________
glowBlock1/glowStep2
	 inv1x1conv 		 L (4, 4) | log_S (4,) | U (4, 4) 		 36
____________________________________________________________________________________________________
glowBlock1/glowStep3
	 ActNorm 		 scale (4,) | shift (4,) 		 8
____________________________________________________________________________________________________
forward/shift_and_log_scale_res_net_3
	 conv2d_9 		 kernel (3, 3, 4, 64) | bias (64,) 		 2368
	 batch_normalization_6 		 gamma (64,) | beta (64,) 		 128
	 conv2d_10 		 kernel (1, 1, 64, 64) | bias (64,) 		 4160
	 batch_normalization_7 		 gamma (64,) | beta (64,) 		 128
	 conv2d_11 		 kernel (3, 3, 64, 8) | bias (8,) 		 4616
____________________________________________________________________________________________________
glowBlock1/glowStep3
	 inv1x1conv 		 L (4, 4) | log_S (4,) | U (4, 4) 		 36
____________________________________________________________________________________________________
glowBlock1/glowStep4
	 ActNorm 		 scale (4,) | shift (4,) 		 8
____________________________________________________________________________________________________
forward/shift_and_log_scale_res_net_4
	 conv2d_12 		 kernel (3, 3, 4, 64) | bias (64,) 		 2368
	 batch_normalization_8 		 gamma (64,) | beta (64,) 		 128
	 conv2d_13 		 kernel (1, 1, 64, 64) | bias (64,) 		 4160
	 batch_normalization_9 		 gamma (64,) | beta (64,) 		 128
	 conv2d_14 		 kernel (3, 3, 64, 8) | bias (8,) 		 4616
____________________________________________________________________________________________________
glowBlock1/glowStep4
	 inv1x1conv 		 L (4, 4) | log_S (4,) | U (4, 4) 		 36
____________________________________________________________________________________________________
glowBlock1/glowStep5
	 ActNorm 		 scale (4,) | shift (4,) 		 8
____________________________________________________________________________________________________
forward/shift_and_log_scale_res_net_5
	 conv2d_15 		 kernel (3, 3, 4, 64) | bias (64,) 		 2368
	 batch_normalization_10 		 gamma (64,) | beta (64,) 		 128
	 conv2d_16 		 kernel (1, 1, 64, 64) | bias (64,) 		 4160
	 batch_normalization_11 		 gamma (64,) | beta (64,) 		 128
	 conv2d_17 		 kernel (3, 3, 64, 8) | bias (8,) 		 4616
____________________________________________________________________________________________________
glowBlock1/glowStep5
	 inv1x1conv 		 L (4, 4) | log_S (4,) | U (4, 4) 		 36
____________________________________________________________________________________________________
glowBlock1/glowStep6
	 ActNorm 		 scale (4,) | shift (4,) 		 8
____________________________________________________________________________________________________
forward/shift_and_log_scale_res_net_6
	 conv2d_18 		 kernel (3, 3, 4, 64) | bias (64,) 		 2368
	 batch_normalization_12 		 gamma (64,) | beta (64,) 		 128
	 conv2d_19 		 kernel (1, 1, 64, 64) | bias (64,) 		 4160
	 batch_normalization_13 		 gamma (64,) | beta (64,) 		 128
	 conv2d_20 		 kernel (3, 3, 64, 8) | bias (8,) 		 4616
____________________________________________________________________________________________________
glowBlock1/glowStep6
	 inv1x1conv 		 L (4, 4) | log_S (4,) | U (4, 4) 		 36
____________________________________________________________________________________________________
glowBlock1/glowStep7
	 ActNorm 		 scale (4,) | shift (4,) 		 8
____________________________________________________________________________________________________
forward/shift_and_log_scale_res_net_7
	 conv2d_21 		 kernel (3, 3, 4, 64) | bias (64,) 		 2368
	 batch_normalization_14 		 gamma (64,) | beta (64,) 		 128
	 conv2d_22 		 kernel (1, 1, 64, 64) | bias (64,) 		 4160
	 batch_normalization_15 		 gamma (64,) | beta (64,) 		 128
	 conv2d_23 		 kernel (3, 3, 64, 8) | bias (8,) 		 4616
____________________________________________________________________________________________________
glowBlock1/glowStep7
	 inv1x1conv 		 L (4, 4) | log_S (4,) | U (4, 4) 		 36
____________________________________________________________________________________________________
glowBlock1/glowStep8
	 ActNorm 		 scale (4,) | shift (4,) 		 8
____________________________________________________________________________________________________
forward/shift_and_log_scale_res_net_8
	 conv2d_24 		 kernel (3, 3, 4, 64) | bias (64,) 		 2368
	 batch_normalization_16 		 gamma (64,) | beta (64,) 		 128
	 conv2d_25 		 kernel (1, 1, 64, 64) | bias (64,) 		 4160
	 batch_normalization_17 		 gamma (64,) | beta (64,) 		 128
	 conv2d_26 		 kernel (3, 3, 64, 8) | bias (8,) 		 4616
____________________________________________________________________________________________________
glowBlock1/glowStep8
	 inv1x1conv 		 L (4, 4) | log_S (4,) | U (4, 4) 		 36
____________________________________________________________________________________________________
glowBlock1/glowStep9
	 ActNorm 		 scale (4,) | shift (4,) 		 8
____________________________________________________________________________________________________
forward/shift_and_log_scale_res_net_9
	 conv2d_27 		 kernel (3, 3, 4, 64) | bias (64,) 		 2368
	 batch_normalization_18 		 gamma (64,) | beta (64,) 		 128
	 conv2d_28 		 kernel (1, 1, 64, 64) | bias (64,) 		 4160
	 batch_normalization_19 		 gamma (64,) | beta (64,) 		 128
	 conv2d_29 		 kernel (3, 3, 64, 8) | bias (8,) 		 4616
____________________________________________________________________________________________________
glowBlock1/glowStep9
	 inv1x1conv 		 L (4, 4) | log_S (4,) | U (4, 4) 		 36
____________________________________________________________________________________________________
glowBlock1/glowStep10
	 ActNorm 		 scale (4,) | shift (4,) 		 8
____________________________________________________________________________________________________
forward/shift_and_log_scale_res_net_10
	 conv2d_30 		 kernel (3, 3, 4, 64) | bias (64,) 		 2368
	 batch_normalization_20 		 gamma (64,) | beta (64,) 		 128
	 conv2d_31 		 kernel (1, 1, 64, 64) | bias (64,) 		 4160
	 batch_normalization_21 		 gamma (64,) | beta (64,) 		 128
	 conv2d_32 		 kernel (3, 3, 64, 8) | bias (8,) 		 4616
____________________________________________________________________________________________________
glowBlock1/glowStep10
	 inv1x1conv 		 L (4, 4) | log_S (4,) | U (4, 4) 		 36
____________________________________________________________________________________________________
glowBlock1/glowStep11
	 ActNorm 		 scale (4,) | shift (4,) 		 8
____________________________________________________________________________________________________
forward/shift_and_log_scale_res_net_11
	 conv2d_33 		 kernel (3, 3, 4, 64) | bias (64,) 		 2368
	 batch_normalization_22 		 gamma (64,) | beta (64,) 		 128
	 conv2d_34 		 kernel (1, 1, 64, 64) | bias (64,) 		 4160
	 batch_normalization_23 		 gamma (64,) | beta (64,) 		 128
	 conv2d_35 		 kernel (3, 3, 64, 8) | bias (8,) 		 4616
____________________________________________________________________________________________________
glowBlock1/glowStep11
	 inv1x1conv 		 L (4, 4) | log_S (4,) | U (4, 4) 		 36
____________________________________________________________________________________________________
glowBlock1/glowStep12
	 ActNorm 		 scale (4,) | shift (4,) 		 8
____________________________________________________________________________________________________
forward/shift_and_log_scale_res_net_12
	 conv2d_36 		 kernel (3, 3, 4, 64) | bias (64,) 		 2368
	 batch_normalization_24 		 gamma (64,) | beta (64,) 		 128
	 conv2d_37 		 kernel (1, 1, 64, 64) | bias (64,) 		 4160
	 batch_normalization_25 		 gamma (64,) | beta (64,) 		 128
	 conv2d_38 		 kernel (3, 3, 64, 8) | bias (8,) 		 4616
____________________________________________________________________________________________________
glowBlock1/glowStep12
	 inv1x1conv 		 L (4, 4) | log_S (4,) | U (4, 4) 		 36
____________________________________________________________________________________________________
glowBlock1/glowStep13
	 ActNorm 		 scale (4,) | shift (4,) 		 8
____________________________________________________________________________________________________
forward/shift_and_log_scale_res_net_13
	 conv2d_39 		 kernel (3, 3, 4, 64) | bias (64,) 		 2368
	 batch_normalization_26 		 gamma (64,) | beta (64,) 		 128
	 conv2d_40 		 kernel (1, 1, 64, 64) | bias (64,) 		 4160
	 batch_normalization_27 		 gamma (64,) | beta (64,) 		 128
	 conv2d_41 		 kernel (3, 3, 64, 8) | bias (8,) 		 4616
____________________________________________________________________________________________________
glowBlock1/glowStep13
	 inv1x1conv 		 L (4, 4) | log_S (4,) | U (4, 4) 		 36
____________________________________________________________________________________________________
glowBlock1/glowStep14
	 ActNorm 		 scale (4,) | shift (4,) 		 8
____________________________________________________________________________________________________
forward/shift_and_log_scale_res_net_14
	 conv2d_42 		 kernel (3, 3, 4, 64) | bias (64,) 		 2368
	 batch_normalization_28 		 gamma (64,) | beta (64,) 		 128
	 conv2d_43 		 kernel (1, 1, 64, 64) | bias (64,) 		 4160
	 batch_normalization_29 		 gamma (64,) | beta (64,) 		 128
	 conv2d_44 		 kernel (3, 3, 64, 8) | bias (8,) 		 4616
____________________________________________________________________________________________________
glowBlock1/glowStep14
	 inv1x1conv 		 L (4, 4) | log_S (4,) | U (4, 4) 		 36
____________________________________________________________________________________________________
glowBlock1/glowStep15
	 ActNorm 		 scale (4,) | shift (4,) 		 8
____________________________________________________________________________________________________
forward/shift_and_log_scale_res_net_15
	 conv2d_45 		 kernel (3, 3, 4, 64) | bias (64,) 		 2368
	 batch_normalization_30 		 gamma (64,) | beta (64,) 		 128
	 conv2d_46 		 kernel (1, 1, 64, 64) | bias (64,) 		 4160
	 batch_normalization_31 		 gamma (64,) | beta (64,) 		 128
	 conv2d_47 		 kernel (3, 3, 64, 8) | bias (8,) 		 4616
____________________________________________________________________________________________________
glowBlock1/glowStep15
	 inv1x1conv 		 L (4, 4) | log_S (4,) | U (4, 4) 		 36
____________________________________________________________________________________________________
glowBlock2/glowStep0
	 ActNorm 		 scale (8,) | shift (8,) 		 16
____________________________________________________________________________________________________
forward/shift_and_log_scale_res_net_16
	 conv2d_48 		 kernel (3, 3, 8, 64) | bias (64,) 		 4672
	 batch_normalization_32 		 gamma (64,) | beta (64,) 		 128
	 conv2d_49 		 kernel (1, 1, 64, 64) | bias (64,) 		 4160
	 batch_normalization_33 		 gamma (64,) | beta (64,) 		 128
	 conv2d_50 		 kernel (3, 3, 64, 16) | bias (16,) 		 9232
____________________________________________________________________________________________________
glowBlock2/glowStep0
	 inv1x1conv 		 L (8, 8) | log_S (8,) | U (8, 8) 		 136
____________________________________________________________________________________________________
glowBlock2/glowStep1
	 ActNorm 		 scale (8,) | shift (8,) 		 16
____________________________________________________________________________________________________
forward/shift_and_log_scale_res_net_17
	 conv2d_51 		 kernel (3, 3, 8, 64) | bias (64,) 		 4672
	 batch_normalization_34 		 gamma (64,) | beta (64,) 		 128
	 conv2d_52 		 kernel (1, 1, 64, 64) | bias (64,) 		 4160
	 batch_normalization_35 		 gamma (64,) | beta (64,) 		 128
	 conv2d_53 		 kernel (3, 3, 64, 16) | bias (16,) 		 9232
____________________________________________________________________________________________________
glowBlock2/glowStep1
	 inv1x1conv 		 L (8, 8) | log_S (8,) | U (8, 8) 		 136
____________________________________________________________________________________________________
glowBlock2/glowStep2
	 ActNorm 		 scale (8,) | shift (8,) 		 16
____________________________________________________________________________________________________
forward/shift_and_log_scale_res_net_18
	 conv2d_54 		 kernel (3, 3, 8, 64) | bias (64,) 		 4672
	 batch_normalization_36 		 gamma (64,) | beta (64,) 		 128
	 conv2d_55 		 kernel (1, 1, 64, 64) | bias (64,) 		 4160
	 batch_normalization_37 		 gamma (64,) | beta (64,) 		 128
	 conv2d_56 		 kernel (3, 3, 64, 16) | bias (16,) 		 9232
____________________________________________________________________________________________________
glowBlock2/glowStep2
	 inv1x1conv 		 L (8, 8) | log_S (8,) | U (8, 8) 		 136
____________________________________________________________________________________________________
glowBlock2/glowStep3
	 ActNorm 		 scale (8,) | shift (8,) 		 16
____________________________________________________________________________________________________
forward/shift_and_log_scale_res_net_19
	 conv2d_57 		 kernel (3, 3, 8, 64) | bias (64,) 		 4672
	 batch_normalization_38 		 gamma (64,) | beta (64,) 		 128
	 conv2d_58 		 kernel (1, 1, 64, 64) | bias (64,) 		 4160
	 batch_normalization_39 		 gamma (64,) | beta (64,) 		 128
	 conv2d_59 		 kernel (3, 3, 64, 16) | bias (16,) 		 9232
____________________________________________________________________________________________________
glowBlock2/glowStep3
	 inv1x1conv 		 L (8, 8) | log_S (8,) | U (8, 8) 		 136
____________________________________________________________________________________________________
glowBlock2/glowStep4
	 ActNorm 		 scale (8,) | shift (8,) 		 16
____________________________________________________________________________________________________
forward/shift_and_log_scale_res_net_20
	 conv2d_60 		 kernel (3, 3, 8, 64) | bias (64,) 		 4672
	 batch_normalization_40 		 gamma (64,) | beta (64,) 		 128
	 conv2d_61 		 kernel (1, 1, 64, 64) | bias (64,) 		 4160
	 batch_normalization_41 		 gamma (64,) | beta (64,) 		 128
	 conv2d_62 		 kernel (3, 3, 64, 16) | bias (16,) 		 9232
____________________________________________________________________________________________________
glowBlock2/glowStep4
	 inv1x1conv 		 L (8, 8) | log_S (8,) | U (8, 8) 		 136
____________________________________________________________________________________________________
glowBlock2/glowStep5
	 ActNorm 		 scale (8,) | shift (8,) 		 16
____________________________________________________________________________________________________
forward/shift_and_log_scale_res_net_21
	 conv2d_63 		 kernel (3, 3, 8, 64) | bias (64,) 		 4672
	 batch_normalization_42 		 gamma (64,) | beta (64,) 		 128
	 conv2d_64 		 kernel (1, 1, 64, 64) | bias (64,) 		 4160
	 batch_normalization_43 		 gamma (64,) | beta (64,) 		 128
	 conv2d_65 		 kernel (3, 3, 64, 16) | bias (16,) 		 9232
____________________________________________________________________________________________________
glowBlock2/glowStep5
	 inv1x1conv 		 L (8, 8) | log_S (8,) | U (8, 8) 		 136
____________________________________________________________________________________________________
glowBlock2/glowStep6
	 ActNorm 		 scale (8,) | shift (8,) 		 16
____________________________________________________________________________________________________
forward/shift_and_log_scale_res_net_22
	 conv2d_66 		 kernel (3, 3, 8, 64) | bias (64,) 		 4672
	 batch_normalization_44 		 gamma (64,) | beta (64,) 		 128
	 conv2d_67 		 kernel (1, 1, 64, 64) | bias (64,) 		 4160
	 batch_normalization_45 		 gamma (64,) | beta (64,) 		 128
	 conv2d_68 		 kernel (3, 3, 64, 16) | bias (16,) 		 9232
____________________________________________________________________________________________________
glowBlock2/glowStep6
	 inv1x1conv 		 L (8, 8) | log_S (8,) | U (8, 8) 		 136
____________________________________________________________________________________________________
glowBlock2/glowStep7
	 ActNorm 		 scale (8,) | shift (8,) 		 16
____________________________________________________________________________________________________
forward/shift_and_log_scale_res_net_23
	 conv2d_69 		 kernel (3, 3, 8, 64) | bias (64,) 		 4672
	 batch_normalization_46 		 gamma (64,) | beta (64,) 		 128
	 conv2d_70 		 kernel (1, 1, 64, 64) | bias (64,) 		 4160
	 batch_normalization_47 		 gamma (64,) | beta (64,) 		 128
	 conv2d_71 		 kernel (3, 3, 64, 16) | bias (16,) 		 9232
____________________________________________________________________________________________________
glowBlock2/glowStep7
	 inv1x1conv 		 L (8, 8) | log_S (8,) | U (8, 8) 		 136
____________________________________________________________________________________________________
glowBlock2/glowStep8
	 ActNorm 		 scale (8,) | shift (8,) 		 16
____________________________________________________________________________________________________
forward/shift_and_log_scale_res_net_24
	 conv2d_72 		 kernel (3, 3, 8, 64) | bias (64,) 		 4672
	 batch_normalization_48 		 gamma (64,) | beta (64,) 		 128
	 conv2d_73 		 kernel (1, 1, 64, 64) | bias (64,) 		 4160
	 batch_normalization_49 		 gamma (64,) | beta (64,) 		 128
	 conv2d_74 		 kernel (3, 3, 64, 16) | bias (16,) 		 9232
____________________________________________________________________________________________________
glowBlock2/glowStep8
	 inv1x1conv 		 L (8, 8) | log_S (8,) | U (8, 8) 		 136
____________________________________________________________________________________________________
glowBlock2/glowStep9
	 ActNorm 		 scale (8,) | shift (8,) 		 16
____________________________________________________________________________________________________
forward/shift_and_log_scale_res_net_25
	 conv2d_75 		 kernel (3, 3, 8, 64) | bias (64,) 		 4672
	 batch_normalization_50 		 gamma (64,) | beta (64,) 		 128
	 conv2d_76 		 kernel (1, 1, 64, 64) | bias (64,) 		 4160
	 batch_normalization_51 		 gamma (64,) | beta (64,) 		 128
	 conv2d_77 		 kernel (3, 3, 64, 16) | bias (16,) 		 9232
____________________________________________________________________________________________________
glowBlock2/glowStep9
	 inv1x1conv 		 L (8, 8) | log_S (8,) | U (8, 8) 		 136
____________________________________________________________________________________________________
glowBlock2/glowStep10
	 ActNorm 		 scale (8,) | shift (8,) 		 16
____________________________________________________________________________________________________
forward/shift_and_log_scale_res_net_26
	 conv2d_78 		 kernel (3, 3, 8, 64) | bias (64,) 		 4672
	 batch_normalization_52 		 gamma (64,) | beta (64,) 		 128
	 conv2d_79 		 kernel (1, 1, 64, 64) | bias (64,) 		 4160
	 batch_normalization_53 		 gamma (64,) | beta (64,) 		 128
	 conv2d_80 		 kernel (3, 3, 64, 16) | bias (16,) 		 9232
____________________________________________________________________________________________________
glowBlock2/glowStep10
	 inv1x1conv 		 L (8, 8) | log_S (8,) | U (8, 8) 		 136
____________________________________________________________________________________________________
glowBlock2/glowStep11
	 ActNorm 		 scale (8,) | shift (8,) 		 16
____________________________________________________________________________________________________
forward/shift_and_log_scale_res_net_27
	 conv2d_81 		 kernel (3, 3, 8, 64) | bias (64,) 		 4672
	 batch_normalization_54 		 gamma (64,) | beta (64,) 		 128
	 conv2d_82 		 kernel (1, 1, 64, 64) | bias (64,) 		 4160
	 batch_normalization_55 		 gamma (64,) | beta (64,) 		 128
	 conv2d_83 		 kernel (3, 3, 64, 16) | bias (16,) 		 9232
____________________________________________________________________________________________________
glowBlock2/glowStep11
	 inv1x1conv 		 L (8, 8) | log_S (8,) | U (8, 8) 		 136
____________________________________________________________________________________________________
glowBlock2/glowStep12
	 ActNorm 		 scale (8,) | shift (8,) 		 16
____________________________________________________________________________________________________
forward/shift_and_log_scale_res_net_28
	 conv2d_84 		 kernel (3, 3, 8, 64) | bias (64,) 		 4672
	 batch_normalization_56 		 gamma (64,) | beta (64,) 		 128
	 conv2d_85 		 kernel (1, 1, 64, 64) | bias (64,) 		 4160
	 batch_normalization_57 		 gamma (64,) | beta (64,) 		 128
	 conv2d_86 		 kernel (3, 3, 64, 16) | bias (16,) 		 9232
____________________________________________________________________________________________________
glowBlock2/glowStep12
	 inv1x1conv 		 L (8, 8) | log_S (8,) | U (8, 8) 		 136
____________________________________________________________________________________________________
glowBlock2/glowStep13
	 ActNorm 		 scale (8,) | shift (8,) 		 16
____________________________________________________________________________________________________
forward/shift_and_log_scale_res_net_29
	 conv2d_87 		 kernel (3, 3, 8, 64) | bias (64,) 		 4672
	 batch_normalization_58 		 gamma (64,) | beta (64,) 		 128
	 conv2d_88 		 kernel (1, 1, 64, 64) | bias (64,) 		 4160
	 batch_normalization_59 		 gamma (64,) | beta (64,) 		 128
	 conv2d_89 		 kernel (3, 3, 64, 16) | bias (16,) 		 9232
____________________________________________________________________________________________________
glowBlock2/glowStep13
	 inv1x1conv 		 L (8, 8) | log_S (8,) | U (8, 8) 		 136
____________________________________________________________________________________________________
glowBlock2/glowStep14
	 ActNorm 		 scale (8,) | shift (8,) 		 16
____________________________________________________________________________________________________
forward/shift_and_log_scale_res_net_30
	 conv2d_90 		 kernel (3, 3, 8, 64) | bias (64,) 		 4672
	 batch_normalization_60 		 gamma (64,) | beta (64,) 		 128
	 conv2d_91 		 kernel (1, 1, 64, 64) | bias (64,) 		 4160
	 batch_normalization_61 		 gamma (64,) | beta (64,) 		 128
	 conv2d_92 		 kernel (3, 3, 64, 16) | bias (16,) 		 9232
____________________________________________________________________________________________________
glowBlock2/glowStep14
	 inv1x1conv 		 L (8, 8) | log_S (8,) | U (8, 8) 		 136
____________________________________________________________________________________________________
glowBlock2/glowStep15
	 ActNorm 		 scale (8,) | shift (8,) 		 16
____________________________________________________________________________________________________
forward/shift_and_log_scale_res_net_31
	 conv2d_93 		 kernel (3, 3, 8, 64) | bias (64,) 		 4672
	 batch_normalization_62 		 gamma (64,) | beta (64,) 		 128
	 conv2d_94 		 kernel (1, 1, 64, 64) | bias (64,) 		 4160
	 batch_normalization_63 		 gamma (64,) | beta (64,) 		 128
	 conv2d_95 		 kernel (3, 3, 64, 16) | bias (16,) 		 9232
____________________________________________________________________________________________________
glowBlock2/glowStep15
	 inv1x1conv 		 L (8, 8) | log_S (8,) | U (8, 8) 		 136
====================================================================================================
Total Trainable Variables:  478656
Start  Training on 300 epochs
Epoch 000: Loss: 10908.993
Epoch 010: Loss: -2491.602
Epoch 020: Loss: -3353.885
Epoch 030: Loss: -4340.034
Epoch 040: Loss: -5291.644
Epoch 050: Loss: -5998.216
Epoch 060: Loss: -6212.341
Epoch 070: Loss: -6509.557
Epoch 080: Loss: -6657.578
Epoch 090: Loss: -6971.580
Epoch 100: Loss: -6991.848
Epoch 110: Loss: -7219.142
Epoch 120: Loss: -7401.631
Epoch 130: Loss: -7173.656
Epoch 140: Loss: -7189.010
Epoch 150: Loss: -7487.151
Epoch 160: Loss: -7433.623
Epoch 170: Loss: -6839.771
Epoch 180: Loss: -6035.370
Epoch 190: Loss: -6202.485
Epoch 200: Loss: -5955.516
Epoch 210: Loss: -6286.110
Epoch 220: Loss: -6902.284
Epoch 230: Loss: -6897.395
Epoch 240: Loss: -6352.725
Epoch 250: Loss: -5632.316
Epoch 260: Loss: -7328.007
Epoch 270: Loss: -7143.111
Epoch 280: Loss: -7501.649
Epoch 290: Loss: -6258.300
Training time:  14828.47  seconds
loss history saved
9 samples saved
